<?xml version="1.0" encoding="utf-8"?><testsuites><testsuite name="pytest" errors="0" failures="73" skipped="0" tests="83" time="60.034" timestamp="2025-11-23T13:10:56.881830+08:00" hostname="John-MacBook-Air.local"><testcase classname="tests.integration.test_api.test_auth_api.TestAuthAPI" name="test_register_success" time="0.077"><failure message="TypeError: Session.request() got an unexpected keyword argument 'content_type'">tests/integration/test_api/test_auth_api.py:24: in test_register_success
    response = client.post(
tests/http_client.py:37: in post
    response = self.session.post(url, json=json, headers=headers, **kwargs)
venv/lib/python3.14/site-packages/requests/sessions.py:637: in post
    return self.request("POST", url, data=data, json=json, **kwargs)
E   TypeError: Session.request() got an unexpected keyword argument 'content_type'</failure></testcase><testcase classname="tests.integration.test_api.test_auth_api.TestAuthAPI" name="test_register_duplicate_username" time="0.010"><failure message="TypeError: Session.request() got an unexpected keyword argument 'content_type'">tests/integration/test_api/test_auth_api.py:48: in test_register_duplicate_username
    response = client.post(
tests/http_client.py:37: in post
    response = self.session.post(url, json=json, headers=headers, **kwargs)
venv/lib/python3.14/site-packages/requests/sessions.py:637: in post
    return self.request("POST", url, data=data, json=json, **kwargs)
E   TypeError: Session.request() got an unexpected keyword argument 'content_type'</failure></testcase><testcase classname="tests.integration.test_api.test_auth_api.TestAuthAPI" name="test_login_success" time="0.009"><failure message="TypeError: Session.request() got an unexpected keyword argument 'content_type'">tests/integration/test_api/test_auth_api.py:68: in test_login_success
    response = client.post(
tests/http_client.py:37: in post
    response = self.session.post(url, json=json, headers=headers, **kwargs)
venv/lib/python3.14/site-packages/requests/sessions.py:637: in post
    return self.request("POST", url, data=data, json=json, **kwargs)
E   TypeError: Session.request() got an unexpected keyword argument 'content_type'</failure></testcase><testcase classname="tests.integration.test_api.test_auth_api.TestAuthAPI" name="test_login_invalid_password" time="0.008"><failure message="TypeError: Session.request() got an unexpected keyword argument 'content_type'">tests/integration/test_api/test_auth_api.py:91: in test_login_invalid_password
    response = client.post(
tests/http_client.py:37: in post
    response = self.session.post(url, json=json, headers=headers, **kwargs)
venv/lib/python3.14/site-packages/requests/sessions.py:637: in post
    return self.request("POST", url, data=data, json=json, **kwargs)
E   TypeError: Session.request() got an unexpected keyword argument 'content_type'</failure></testcase><testcase classname="tests.integration.test_api.test_auth_api.TestAuthAPI" name="test_get_current_user" time="1.928"><failure message="assert 401 == 200&#10; +  where 401 = &lt;tests.http_client.HTTPResponse object at 0x10ae20a50&gt;.status_code">tests/integration/test_api/test_auth_api.py:111: in test_get_current_user
    assert response.status_code == 200
E   assert 401 == 200
E    +  where 401 = &lt;tests.http_client.HTTPResponse object at 0x10ae20a50&gt;.status_code</failure></testcase><testcase classname="tests.integration.test_api.test_auth_api.TestAuthAPI" name="test_get_current_user_without_token" time="0.014" /><testcase classname="tests.integration.test_api.test_auth_api.TestAuthAPI" name="test_logout_success" time="1.920"><failure message="assert 401 == 200&#10; +  where 401 = &lt;tests.http_client.HTTPResponse object at 0x10aeb22c0&gt;.status_code">tests/integration/test_api/test_auth_api.py:135: in test_logout_success
    assert response.status_code == 200
E   assert 401 == 200
E    +  where 401 = &lt;tests.http_client.HTTPResponse object at 0x10aeb22c0&gt;.status_code</failure></testcase><testcase classname="tests.integration.test_api.test_auth_api.TestAuthAPI" name="test_refresh_token_success" time="0.107"><failure message="TypeError: Session.request() got an unexpected keyword argument 'content_type'">tests/integration/test_api/test_auth_api.py:147: in test_refresh_token_success
    response = client.post(
tests/http_client.py:37: in post
    response = self.session.post(url, json=json, headers=headers, **kwargs)
venv/lib/python3.14/site-packages/requests/sessions.py:637: in post
    return self.request("POST", url, data=data, json=json, **kwargs)
E   TypeError: Session.request() got an unexpected keyword argument 'content_type'</failure></testcase><testcase classname="tests.integration.test_api.test_auth_api.TestAuthAPI" name="test_get_user_tokens" time="1.916"><failure message="assert 401 == 200&#10; +  where 401 = &lt;tests.http_client.HTTPResponse object at 0x10aec8160&gt;.status_code">tests/integration/test_api/test_auth_api.py:168: in test_get_user_tokens
    assert response.status_code == 200
E   assert 401 == 200
E    +  where 401 = &lt;tests.http_client.HTTPResponse object at 0x10aec8160&gt;.status_code</failure></testcase><testcase classname="tests.integration.test_api.test_auth_api.TestAuthAPI" name="test_revoke_all_tokens" time="1.948"><failure message="assert 401 == 200&#10; +  where 401 = &lt;tests.http_client.HTTPResponse object at 0x10adf8750&gt;.status_code">tests/integration/test_api/test_auth_api.py:183: in test_revoke_all_tokens
    assert response.status_code == 200
E   assert 401 == 200
E    +  where 401 = &lt;tests.http_client.HTTPResponse object at 0x10adf8750&gt;.status_code</failure></testcase><testcase classname="tests.integration.test_api.test_auth_api.TestAuthAPI" name="test_register_missing_required_fields" time="0.004"><failure message="TypeError: Session.request() got an unexpected keyword argument 'content_type'">tests/integration/test_api/test_auth_api.py:197: in test_register_missing_required_fields
    response = client.post(
tests/http_client.py:37: in post
    response = self.session.post(url, json=json, headers=headers, **kwargs)
venv/lib/python3.14/site-packages/requests/sessions.py:637: in post
    return self.request("POST", url, data=data, json=json, **kwargs)
E   TypeError: Session.request() got an unexpected keyword argument 'content_type'</failure></testcase><testcase classname="tests.integration.test_api.test_auth_api.TestAuthAPI" name="test_register_weak_password" time="0.003"><failure message="TypeError: Session.request() got an unexpected keyword argument 'content_type'">tests/integration/test_api/test_auth_api.py:216: in test_register_weak_password
    response = client.post(
tests/http_client.py:37: in post
    response = self.session.post(url, json=json, headers=headers, **kwargs)
venv/lib/python3.14/site-packages/requests/sessions.py:637: in post
    return self.request("POST", url, data=data, json=json, **kwargs)
E   TypeError: Session.request() got an unexpected keyword argument 'content_type'</failure></testcase><testcase classname="tests.integration.test_api.test_auth_api.TestAuthAPI" name="test_register_invalid_email" time="0.002"><failure message="TypeError: Session.request() got an unexpected keyword argument 'content_type'">tests/integration/test_api/test_auth_api.py:235: in test_register_invalid_email
    response = client.post(
tests/http_client.py:37: in post
    response = self.session.post(url, json=json, headers=headers, **kwargs)
venv/lib/python3.14/site-packages/requests/sessions.py:637: in post
    return self.request("POST", url, data=data, json=json, **kwargs)
E   TypeError: Session.request() got an unexpected keyword argument 'content_type'</failure></testcase><testcase classname="tests.integration.test_api.test_auth_api.TestAuthAPI" name="test_login_with_email" time="0.005"><failure message="TypeError: Session.request() got an unexpected keyword argument 'content_type'">tests/integration/test_api/test_auth_api.py:253: in test_login_with_email
    response = client.post(
tests/http_client.py:37: in post
    response = self.session.post(url, json=json, headers=headers, **kwargs)
venv/lib/python3.14/site-packages/requests/sessions.py:637: in post
    return self.request("POST", url, data=data, json=json, **kwargs)
E   TypeError: Session.request() got an unexpected keyword argument 'content_type'</failure></testcase><testcase classname="tests.integration.test_api.test_auth_api.TestAuthAPI" name="test_login_nonexistent_user" time="0.002"><failure message="TypeError: Session.request() got an unexpected keyword argument 'content_type'">tests/integration/test_api/test_auth_api.py:274: in test_login_nonexistent_user
    response = client.post(
tests/http_client.py:37: in post
    response = self.session.post(url, json=json, headers=headers, **kwargs)
venv/lib/python3.14/site-packages/requests/sessions.py:637: in post
    return self.request("POST", url, data=data, json=json, **kwargs)
E   TypeError: Session.request() got an unexpected keyword argument 'content_type'</failure></testcase><testcase classname="tests.integration.test_api.test_auth_api.TestAuthAPI" name="test_refresh_token_invalid" time="0.002"><failure message="TypeError: Session.request() got an unexpected keyword argument 'content_type'">tests/integration/test_api/test_auth_api.py:291: in test_refresh_token_invalid
    response = client.post(
tests/http_client.py:37: in post
    response = self.session.post(url, json=json, headers=headers, **kwargs)
venv/lib/python3.14/site-packages/requests/sessions.py:637: in post
    return self.request("POST", url, data=data, json=json, **kwargs)
E   TypeError: Session.request() got an unexpected keyword argument 'content_type'</failure></testcase><testcase classname="tests.integration.test_api.test_auth_api.TestAuthAPI" name="test_refresh_token_missing" time="0.002"><failure message="TypeError: Session.request() got an unexpected keyword argument 'content_type'">tests/integration/test_api/test_auth_api.py:306: in test_refresh_token_missing
    response = client.post(
tests/http_client.py:37: in post
    response = self.session.post(url, json=json, headers=headers, **kwargs)
venv/lib/python3.14/site-packages/requests/sessions.py:637: in post
    return self.request("POST", url, data=data, json=json, **kwargs)
E   TypeError: Session.request() got an unexpected keyword argument 'content_type'</failure></testcase><testcase classname="tests.integration.test_api.test_auth_api.TestAuthAPI" name="test_protected_endpoint_invalid_token" time="1.834" /><testcase classname="tests.integration.test_api.test_auth_api.TestAuthAPI" name="test_protected_endpoint_malformed_header" time="0.028" /><testcase classname="tests.integration.test_api.test_auth_api.TestAuthAPI" name="test_logout_without_token" time="0.022" /><testcase classname="tests.integration.test_api.test_auth_api.TestAuthAPIEdgeCases" name="test_sql_injection_in_login" time="0.005"><failure message="TypeError: Session.request() got an unexpected keyword argument 'content_type'">tests/integration/test_api/test_auth_api.py:368: in test_sql_injection_in_login
    response = client.post(
tests/http_client.py:37: in post
    response = self.session.post(url, json=json, headers=headers, **kwargs)
venv/lib/python3.14/site-packages/requests/sessions.py:637: in post
    return self.request("POST", url, data=data, json=json, **kwargs)
E   TypeError: Session.request() got an unexpected keyword argument 'content_type'</failure></testcase><testcase classname="tests.integration.test_api.test_auth_api.TestAuthAPIEdgeCases" name="test_xss_in_registration" time="0.005"><failure message="TypeError: Session.request() got an unexpected keyword argument 'content_type'">tests/integration/test_api/test_auth_api.py:389: in test_xss_in_registration
    response = client.post(
tests/http_client.py:37: in post
    response = self.session.post(url, json=json, headers=headers, **kwargs)
venv/lib/python3.14/site-packages/requests/sessions.py:637: in post
    return self.request("POST", url, data=data, json=json, **kwargs)
E   TypeError: Session.request() got an unexpected keyword argument 'content_type'</failure></testcase><testcase classname="tests.integration.test_api.test_auth_api.TestAuthAPIEdgeCases" name="test_multiple_rapid_login_attempts" time="0.007"><failure message="TypeError: Session.request() got an unexpected keyword argument 'content_type'">tests/integration/test_api/test_auth_api.py:409: in test_multiple_rapid_login_attempts
    response = client.post(
tests/http_client.py:37: in post
    response = self.session.post(url, json=json, headers=headers, **kwargs)
venv/lib/python3.14/site-packages/requests/sessions.py:637: in post
    return self.request("POST", url, data=data, json=json, **kwargs)
E   TypeError: Session.request() got an unexpected keyword argument 'content_type'</failure></testcase><testcase classname="tests.integration.test_api.test_auth_api.TestAuthAPIEdgeCases" name="test_very_long_username" time="0.004"><failure message="TypeError: Session.request() got an unexpected keyword argument 'content_type'">tests/integration/test_api/test_auth_api.py:430: in test_very_long_username
    response = client.post(
tests/http_client.py:37: in post
    response = self.session.post(url, json=json, headers=headers, **kwargs)
venv/lib/python3.14/site-packages/requests/sessions.py:637: in post
    return self.request("POST", url, data=data, json=json, **kwargs)
E   TypeError: Session.request() got an unexpected keyword argument 'content_type'</failure></testcase><testcase classname="tests.integration.test_api.test_auth_api.TestAuthAPIEdgeCases" name="test_unicode_in_credentials" time="0.003"><failure message="TypeError: Session.request() got an unexpected keyword argument 'content_type'">tests/integration/test_api/test_auth_api.py:449: in test_unicode_in_credentials
    response = client.post(
tests/http_client.py:37: in post
    response = self.session.post(url, json=json, headers=headers, **kwargs)
venv/lib/python3.14/site-packages/requests/sessions.py:637: in post
    return self.request("POST", url, data=data, json=json, **kwargs)
E   TypeError: Session.request() got an unexpected keyword argument 'content_type'</failure></testcase><testcase classname="tests.integration.test_api.test_auth_api.TestAuthAPIEdgeCases" name="test_null_byte_in_password" time="0.004"><failure message="TypeError: Session.request() got an unexpected keyword argument 'content_type'">tests/integration/test_api/test_auth_api.py:468: in test_null_byte_in_password
    response = client.post(
tests/http_client.py:37: in post
    response = self.session.post(url, json=json, headers=headers, **kwargs)
venv/lib/python3.14/site-packages/requests/sessions.py:637: in post
    return self.request("POST", url, data=data, json=json, **kwargs)
E   TypeError: Session.request() got an unexpected keyword argument 'content_type'</failure></testcase><testcase classname="tests.integration.test_api.test_auth_api.TestAuthAPIEdgeCases" name="test_case_sensitivity_in_login" time="0.007"><failure message="TypeError: Session.request() got an unexpected keyword argument 'content_type'">tests/integration/test_api/test_auth_api.py:485: in test_case_sensitivity_in_login
    response = client.post(
tests/http_client.py:37: in post
    response = self.session.post(url, json=json, headers=headers, **kwargs)
venv/lib/python3.14/site-packages/requests/sessions.py:637: in post
    return self.request("POST", url, data=data, json=json, **kwargs)
E   TypeError: Session.request() got an unexpected keyword argument 'content_type'</failure></testcase><testcase classname="tests.integration.test_api.test_public_user_api.TestPublicUserAPI" name="test_list_users_default_pagination" time="0.053"><failure message="assert 500 == 200&#10; +  where 500 = &lt;tests.http_client.HTTPResponse object at 0x10af85710&gt;.status_code">tests/integration/test_api/test_public_user_api.py:18: in test_list_users_default_pagination
    assert response.status_code == 200
E   assert 500 == 200
E    +  where 500 = &lt;tests.http_client.HTTPResponse object at 0x10af85710&gt;.status_code</failure></testcase><testcase classname="tests.integration.test_api.test_public_user_api.TestPublicUserAPI" name="test_list_users_custom_pagination" time="0.036"><failure message="assert 500 == 200&#10; +  where 500 = &lt;tests.http_client.HTTPResponse object at 0x10af04390&gt;.status_code">tests/integration/test_api/test_public_user_api.py:34: in test_list_users_custom_pagination
    assert response.status_code == 200
E   assert 500 == 200
E    +  where 500 = &lt;tests.http_client.HTTPResponse object at 0x10af04390&gt;.status_code</failure></testcase><testcase classname="tests.integration.test_api.test_public_user_api.TestPublicUserAPI" name="test_list_users_response_format" time="0.016"><failure message="assert 500 == 200&#10; +  where 500 = &lt;tests.http_client.HTTPResponse object at 0x10afa74d0&gt;.status_code">tests/integration/test_api/test_public_user_api.py:46: in test_list_users_response_format
    assert response.status_code == 200
E   assert 500 == 200
E    +  where 500 = &lt;tests.http_client.HTTPResponse object at 0x10afa74d0&gt;.status_code</failure></testcase><testcase classname="tests.integration.test_api.test_public_user_api.TestPublicUserAPI" name="test_get_single_user_success" time="0.021"><failure message="assert 500 == 200&#10; +  where 500 = &lt;tests.http_client.HTTPResponse object at 0x10afa7e90&gt;.status_code">tests/integration/test_api/test_public_user_api.py:68: in test_get_single_user_success
    assert response.status_code == 200
E   assert 500 == 200
E    +  where 500 = &lt;tests.http_client.HTTPResponse object at 0x10afa7e90&gt;.status_code</failure></testcase><testcase classname="tests.integration.test_api.test_public_user_api.TestPublicUserAPI" name="test_get_single_user_not_found" time="0.017" /><testcase classname="tests.integration.test_api.test_public_user_api.TestPublicUserAPI" name="test_create_user_success" time="0.003"><failure message="TypeError: Session.request() got an unexpected keyword argument 'content_type'">tests/integration/test_api/test_public_user_api.py:96: in test_create_user_success
    response = client.post(
tests/http_client.py:37: in post
    response = self.session.post(url, json=json, headers=headers, **kwargs)
venv/lib/python3.14/site-packages/requests/sessions.py:637: in post
    return self.request("POST", url, data=data, json=json, **kwargs)
E   TypeError: Session.request() got an unexpected keyword argument 'content_type'</failure></testcase><testcase classname="tests.integration.test_api.test_public_user_api.TestPublicUserAPI" name="test_create_user_duplicate_email" time="0.005"><failure message="TypeError: Session.request() got an unexpected keyword argument 'content_type'">tests/integration/test_api/test_public_user_api.py:121: in test_create_user_duplicate_email
    response = client.post(
tests/http_client.py:37: in post
    response = self.session.post(url, json=json, headers=headers, **kwargs)
venv/lib/python3.14/site-packages/requests/sessions.py:637: in post
    return self.request("POST", url, data=data, json=json, **kwargs)
E   TypeError: Session.request() got an unexpected keyword argument 'content_type'</failure></testcase><testcase classname="tests.integration.test_api.test_public_user_api.TestPublicUserAPI" name="test_create_user_missing_required_fields" time="0.002"><failure message="TypeError: Session.request() got an unexpected keyword argument 'content_type'">tests/integration/test_api/test_public_user_api.py:139: in test_create_user_missing_required_fields
    response = client.post(
tests/http_client.py:37: in post
    response = self.session.post(url, json=json, headers=headers, **kwargs)
venv/lib/python3.14/site-packages/requests/sessions.py:637: in post
    return self.request("POST", url, data=data, json=json, **kwargs)
E   TypeError: Session.request() got an unexpected keyword argument 'content_type'</failure></testcase><testcase classname="tests.integration.test_api.test_public_user_api.TestPublicUserAPI" name="test_create_user_invalid_email" time="0.002"><failure message="TypeError: Session.request() got an unexpected keyword argument 'content_type'">tests/integration/test_api/test_public_user_api.py:158: in test_create_user_invalid_email
    response = client.post(
tests/http_client.py:37: in post
    response = self.session.post(url, json=json, headers=headers, **kwargs)
venv/lib/python3.14/site-packages/requests/sessions.py:637: in post
    return self.request("POST", url, data=data, json=json, **kwargs)
E   TypeError: Session.request() got an unexpected keyword argument 'content_type'</failure></testcase><testcase classname="tests.integration.test_api.test_public_user_api.TestPublicUserAPI" name="test_update_user_put_success" time="0.004"><failure message="TypeError: Session.request() got an unexpected keyword argument 'content_type'">tests/integration/test_api/test_public_user_api.py:178: in test_update_user_put_success
    response = client.put(
tests/http_client.py:43: in put
    response = self.session.put(url, json=json, headers=headers, **kwargs)
venv/lib/python3.14/site-packages/requests/sessions.py:649: in put
    return self.request("PUT", url, data=data, **kwargs)
E   TypeError: Session.request() got an unexpected keyword argument 'content_type'</failure></testcase><testcase classname="tests.integration.test_api.test_public_user_api.TestPublicUserAPI" name="test_update_user_patch_success" time="0.004"><failure message="TypeError: Session.request() got an unexpected keyword argument 'content_type'">tests/integration/test_api/test_public_user_api.py:200: in test_update_user_patch_success
    response = client.patch(
tests/http_client.py:49: in patch
    response = self.session.patch(url, json=json, headers=headers, **kwargs)
venv/lib/python3.14/site-packages/requests/sessions.py:661: in patch
    return self.request("PATCH", url, data=data, **kwargs)
E   TypeError: Session.request() got an unexpected keyword argument 'content_type'</failure></testcase><testcase classname="tests.integration.test_api.test_public_user_api.TestPublicUserAPI" name="test_update_user_not_found" time="0.002"><failure message="TypeError: Session.request() got an unexpected keyword argument 'content_type'">tests/integration/test_api/test_public_user_api.py:220: in test_update_user_not_found
    response = client.put(
tests/http_client.py:43: in put
    response = self.session.put(url, json=json, headers=headers, **kwargs)
venv/lib/python3.14/site-packages/requests/sessions.py:649: in put
    return self.request("PUT", url, data=data, **kwargs)
E   TypeError: Session.request() got an unexpected keyword argument 'content_type'</failure></testcase><testcase classname="tests.integration.test_api.test_public_user_api.TestPublicUserAPI" name="test_delete_user_success" time="0.032"><failure message="assert 500 == 204&#10; +  where 500 = &lt;tests.http_client.HTTPResponse object at 0x10b000310&gt;.status_code">tests/integration/test_api/test_public_user_api.py:235: in test_delete_user_success
    assert response.status_code == 204
E   assert 500 == 204
E    +  where 500 = &lt;tests.http_client.HTTPResponse object at 0x10b000310&gt;.status_code</failure></testcase><testcase classname="tests.integration.test_api.test_public_user_api.TestPublicUserAPI" name="test_delete_user_not_found" time="0.011"><failure message="assert 500 == 404&#10; +  where 500 = &lt;tests.http_client.HTTPResponse object at 0x10affb890&gt;.status_code">tests/integration/test_api/test_public_user_api.py:248: in test_delete_user_not_found
    assert response.status_code == 404
E   assert 500 == 404
E    +  where 500 = &lt;tests.http_client.HTTPResponse object at 0x10affb890&gt;.status_code</failure></testcase><testcase classname="tests.integration.test_api.test_public_user_api.TestPublicUserAPI" name="test_public_api_no_authentication_required" time="0.012"><failure message="assert 500 == 200&#10; +  where 500 = &lt;tests.http_client.HTTPResponse object at 0x10aff9770&gt;.status_code">tests/integration/test_api/test_public_user_api.py:254: in test_public_api_no_authentication_required
    assert response.status_code == 200
E   assert 500 == 200
E    +  where 500 = &lt;tests.http_client.HTTPResponse object at 0x10aff9770&gt;.status_code</failure></testcase><testcase classname="tests.integration.test_api.test_public_user_api.TestPublicUserAPI" name="test_public_api_response_structure" time="0.012"><failure message="AssertionError: assert 'data' in {'error': 'Failed to communicate with repository service: Expecting value: line 1 column 1 (char 0)'}">tests/integration/test_api/test_public_user_api.py:278: in test_public_api_response_structure
    assert 'data' in list_data
E   AssertionError: assert 'data' in {'error': 'Failed to communicate with repository service: Expecting value: line 1 column 1 (char 0)'}</failure></testcase><testcase classname="tests.integration.test_api.test_public_user_api.TestPublicUserAPI" name="test_avatar_url_field_mapping" time="0.005"><failure message="TypeError: Session.request() got an unexpected keyword argument 'content_type'">tests/integration/test_api/test_public_user_api.py:298: in test_avatar_url_field_mapping
    response = client.post(
tests/http_client.py:37: in post
    response = self.session.post(url, json=json, headers=headers, **kwargs)
venv/lib/python3.14/site-packages/requests/sessions.py:637: in post
    return self.request("POST", url, data=data, json=json, **kwargs)
E   TypeError: Session.request() got an unexpected keyword argument 'content_type'</failure></testcase><testcase classname="tests.integration.test_api.test_public_user_api.TestPublicUserAPIEdgeCases" name="test_pagination_edge_case_page_zero" time="0.008" /><testcase classname="tests.integration.test_api.test_public_user_api.TestPublicUserAPIEdgeCases" name="test_pagination_edge_case_negative_page" time="0.008" /><testcase classname="tests.integration.test_api.test_public_user_api.TestPublicUserAPIEdgeCases" name="test_pagination_edge_case_large_per_page" time="0.007" /><testcase classname="tests.integration.test_api.test_public_user_api.TestPublicUserAPIEdgeCases" name="test_create_user_with_extra_fields" time="0.002"><failure message="TypeError: Session.request() got an unexpected keyword argument 'content_type'">tests/integration/test_api/test_public_user_api.py:340: in test_create_user_with_extra_fields
    response = client.post(
tests/http_client.py:37: in post
    response = self.session.post(url, json=json, headers=headers, **kwargs)
venv/lib/python3.14/site-packages/requests/sessions.py:637: in post
    return self.request("POST", url, data=data, json=json, **kwargs)
E   TypeError: Session.request() got an unexpected keyword argument 'content_type'</failure></testcase><testcase classname="tests.integration.test_api.test_public_user_api.TestPublicUserAPIEdgeCases" name="test_update_user_empty_payload" time="0.006"><failure message="TypeError: Session.request() got an unexpected keyword argument 'content_type'">tests/integration/test_api/test_public_user_api.py:351: in test_update_user_empty_payload
    response = client.put(
tests/http_client.py:43: in put
    response = self.session.put(url, json=json, headers=headers, **kwargs)
venv/lib/python3.14/site-packages/requests/sessions.py:649: in put
    return self.request("PUT", url, data=data, **kwargs)
E   TypeError: Session.request() got an unexpected keyword argument 'content_type'</failure></testcase><testcase classname="tests.integration.test_api.test_public_user_api.TestPublicUserAPIEdgeCases" name="test_content_type_handling" time="0.012" /><testcase classname="tests.integration.test_api.test_public_user_api.TestPublicUserAPIEdgeCases" name="test_malformed_json" time="0.003"><failure message="TypeError: Session.request() got an unexpected keyword argument 'content_type'">tests/integration/test_api/test_public_user_api.py:379: in test_malformed_json
    response = client.post(
tests/http_client.py:37: in post
    response = self.session.post(url, json=json, headers=headers, **kwargs)
venv/lib/python3.14/site-packages/requests/sessions.py:637: in post
    return self.request("POST", url, data=data, json=json, **kwargs)
E   TypeError: Session.request() got an unexpected keyword argument 'content_type'</failure></testcase><testcase classname="tests.integration.test_api.test_public_user_api.TestPublicUserAPIEdgeCases" name="test_special_characters_in_names" time="0.003"><failure message="TypeError: Session.request() got an unexpected keyword argument 'content_type'">tests/integration/test_api/test_public_user_api.py:395: in test_special_characters_in_names
    response = client.post(
tests/http_client.py:37: in post
    response = self.session.post(url, json=json, headers=headers, **kwargs)
venv/lib/python3.14/site-packages/requests/sessions.py:637: in post
    return self.request("POST", url, data=data, json=json, **kwargs)
E   TypeError: Session.request() got an unexpected keyword argument 'content_type'</failure></testcase><testcase classname="tests.integration.test_api.test_public_user_api.TestPublicUserAPIEdgeCases" name="test_unicode_in_names" time="0.003"><failure message="TypeError: Session.request() got an unexpected keyword argument 'content_type'">tests/integration/test_api/test_public_user_api.py:412: in test_unicode_in_names
    response = client.post(
tests/http_client.py:37: in post
    response = self.session.post(url, json=json, headers=headers, **kwargs)
venv/lib/python3.14/site-packages/requests/sessions.py:637: in post
    return self.request("POST", url, data=data, json=json, **kwargs)
E   TypeError: Session.request() got an unexpected keyword argument 'content_type'</failure></testcase><testcase classname="tests.integration.test_api.test_public_user_api.TestPublicUserAPIEdgeCases" name="test_very_long_email" time="0.003"><failure message="TypeError: Session.request() got an unexpected keyword argument 'content_type'">tests/integration/test_api/test_public_user_api.py:430: in test_very_long_email
    response = client.post(
tests/http_client.py:37: in post
    response = self.session.post(url, json=json, headers=headers, **kwargs)
venv/lib/python3.14/site-packages/requests/sessions.py:637: in post
    return self.request("POST", url, data=data, json=json, **kwargs)
E   TypeError: Session.request() got an unexpected keyword argument 'content_type'</failure></testcase><testcase classname="tests.integration.test_api.test_user_api.TestUserAPI" name="test_get_users_as_admin" time="1.895"><failure message="assert 401 == 200&#10; +  where 401 = &lt;tests.http_client.HTTPResponse object at 0x10b089df0&gt;.status_code">tests/integration/test_api/test_user_api.py:21: in test_get_users_as_admin
    assert response.status_code == 200
E   assert 401 == 200
E    +  where 401 = &lt;tests.http_client.HTTPResponse object at 0x10b089df0&gt;.status_code</failure></testcase><testcase classname="tests.integration.test_api.test_user_api.TestUserAPI" name="test_get_users_as_regular_user" time="1.912"><failure message="assert 401 == 403&#10; +  where 401 = &lt;tests.http_client.HTTPResponse object at 0x10b1cfc50&gt;.status_code">tests/integration/test_api/test_user_api.py:36: in test_get_users_as_regular_user
    assert response.status_code == 403
E   assert 401 == 403
E    +  where 401 = &lt;tests.http_client.HTTPResponse object at 0x10b1cfc50&gt;.status_code</failure></testcase><testcase classname="tests.integration.test_api.test_user_api.TestUserAPI" name="test_get_user_by_id_self" time="1.948"><failure message="assert 401 == 200&#10; +  where 401 = &lt;tests.http_client.HTTPResponse object at 0x10b1cd770&gt;.status_code">tests/integration/test_api/test_user_api.py:47: in test_get_user_by_id_self
    assert response.status_code == 200
E   assert 401 == 200
E    +  where 401 = &lt;tests.http_client.HTTPResponse object at 0x10b1cd770&gt;.status_code</failure></testcase><testcase classname="tests.integration.test_api.test_user_api.TestUserAPI" name="test_update_user_self" time="1.944"><failure message="assert 401 == 200&#10; +  where 401 = &lt;tests.http_client.HTTPResponse object at 0x10b1ce4e0&gt;.status_code">tests/integration/test_api/test_user_api.py:68: in test_update_user_self
    assert response.status_code == 200
E   assert 401 == 200
E    +  where 401 = &lt;tests.http_client.HTTPResponse object at 0x10b1ce4e0&gt;.status_code</failure></testcase><testcase classname="tests.integration.test_api.test_user_api.TestUserAPI" name="test_change_password" time="1.892"><failure message="assert 401 == 200&#10; +  where 401 = &lt;tests.http_client.HTTPResponse object at 0x10b1cfd90&gt;.status_code">tests/integration/test_api/test_user_api.py:89: in test_change_password
    assert response.status_code == 200
E   assert 401 == 200
E    +  where 401 = &lt;tests.http_client.HTTPResponse object at 0x10b1cfd90&gt;.status_code</failure></testcase><testcase classname="tests.integration.test_api.test_user_api.TestUserAPI" name="test_create_user_as_admin" time="1.920"><failure message="assert 401 == 201&#10; +  where 401 = &lt;tests.http_client.HTTPResponse object at 0x10b10f610&gt;.status_code">tests/integration/test_api/test_user_api.py:112: in test_create_user_as_admin
    assert response.status_code == 201
E   assert 401 == 201
E    +  where 401 = &lt;tests.http_client.HTTPResponse object at 0x10b10f610&gt;.status_code</failure></testcase><testcase classname="tests.integration.test_api.test_user_api.TestUserAPI" name="test_delete_user_as_admin" time="1.944"><failure message="assert 401 == 200&#10; +  where 401 = &lt;tests.http_client.HTTPResponse object at 0x10b10ee40&gt;.status_code">tests/integration/test_api/test_user_api.py:126: in test_delete_user_as_admin
    assert response.status_code == 200
E   assert 401 == 200
E    +  where 401 = &lt;tests.http_client.HTTPResponse object at 0x10b10ee40&gt;.status_code</failure></testcase><testcase classname="tests.integration.test_api.test_user_api.TestUserAPI" name="test_verify_user_as_admin" time="1.922"><failure message="assert 401 == 200&#10; +  where 401 = &lt;tests.http_client.HTTPResponse object at 0x10b10e120&gt;.status_code">tests/integration/test_api/test_user_api.py:139: in test_verify_user_as_admin
    assert response.status_code == 200
E   assert 401 == 200
E    +  where 401 = &lt;tests.http_client.HTTPResponse object at 0x10b10e120&gt;.status_code</failure></testcase><testcase classname="tests.integration.test_api.test_user_api.TestUserAPI" name="test_update_user_status_as_admin" time="0.121"><failure message="TypeError: Session.request() got an unexpected keyword argument 'content_type'">tests/integration/test_api/test_user_api.py:152: in test_update_user_status_as_admin
    response = client.put(
tests/http_client.py:43: in put
    response = self.session.put(url, json=json, headers=headers, **kwargs)
venv/lib/python3.14/site-packages/requests/sessions.py:649: in put
    return self.request("PUT", url, data=data, **kwargs)
E   TypeError: Session.request() got an unexpected keyword argument 'content_type'</failure></testcase><testcase classname="tests.integration.test_api.test_user_api.TestUserAPI" name="test_get_user_permission_denied" time="1.883"><failure message="assert 401 == 403&#10; +  where 401 = &lt;tests.http_client.HTTPResponse object at 0x10b0e6fd0&gt;.status_code">tests/integration/test_api/test_user_api.py:173: in test_get_user_permission_denied
    assert response.status_code == 403
E   assert 401 == 403
E    +  where 401 = &lt;tests.http_client.HTTPResponse object at 0x10b0e6fd0&gt;.status_code</failure></testcase><testcase classname="tests.integration.test_api.test_user_api.TestUserAPI" name="test_update_other_user_permission_denied" time="1.902"><failure message="assert 401 == 403&#10; +  where 401 = &lt;tests.http_client.HTTPResponse object at 0x10b0e79d0&gt;.status_code">tests/integration/test_api/test_user_api.py:190: in test_update_other_user_permission_denied
    assert response.status_code == 403
E   assert 401 == 403
E    +  where 401 = &lt;tests.http_client.HTTPResponse object at 0x10b0e79d0&gt;.status_code</failure></testcase><testcase classname="tests.integration.test_api.test_user_api.TestUserAPI" name="test_create_user_as_regular_user" time="1.941"><failure message="assert 401 == 403&#10; +  where 401 = &lt;tests.http_client.HTTPResponse object at 0x10b0e5090&gt;.status_code">tests/integration/test_api/test_user_api.py:209: in test_create_user_as_regular_user
    assert response.status_code == 403
E   assert 401 == 403
E    +  where 401 = &lt;tests.http_client.HTTPResponse object at 0x10b0e5090&gt;.status_code</failure></testcase><testcase classname="tests.integration.test_api.test_user_api.TestUserAPI" name="test_delete_user_as_regular_user" time="1.908"><failure message="assert 401 == 403&#10; +  where 401 = &lt;tests.http_client.HTTPResponse object at 0x10b0e6b70&gt;.status_code">tests/integration/test_api/test_user_api.py:220: in test_delete_user_as_regular_user
    assert response.status_code == 403
E   assert 401 == 403
E    +  where 401 = &lt;tests.http_client.HTTPResponse object at 0x10b0e6b70&gt;.status_code</failure></testcase><testcase classname="tests.integration.test_api.test_user_api.TestUserAPI" name="test_change_password_wrong_old_password" time="1.938" /><testcase classname="tests.integration.test_api.test_user_api.TestUserAPI" name="test_change_password_weak_new_password" time="1.944"><failure message="assert 401 == 400&#10; +  where 401 = &lt;tests.http_client.HTTPResponse object at 0x10b1a0140&gt;.status_code">tests/integration/test_api/test_user_api.py:256: in test_change_password_weak_new_password
    assert response.status_code == 400
E   assert 401 == 400
E    +  where 401 = &lt;tests.http_client.HTTPResponse object at 0x10b1a0140&gt;.status_code</failure></testcase><testcase classname="tests.integration.test_api.test_user_api.TestUserAPI" name="test_get_users_with_filters" time="1.918"><failure message="assert 401 == 200&#10; +  where 401 = &lt;tests.http_client.HTTPResponse object at 0x10b1a1c70&gt;.status_code">tests/integration/test_api/test_user_api.py:267: in test_get_users_with_filters
    assert response.status_code == 200
E   assert 401 == 200
E    +  where 401 = &lt;tests.http_client.HTTPResponse object at 0x10b1a1c70&gt;.status_code</failure></testcase><testcase classname="tests.integration.test_api.test_user_api.TestUserAPI" name="test_update_user_invalid_email" time="1.951"><failure message="assert 401 == 400&#10; +  where 401 = &lt;tests.http_client.HTTPResponse object at 0x10b1a1130&gt;.status_code">tests/integration/test_api/test_user_api.py:286: in test_update_user_invalid_email
    assert response.status_code == 400
E   assert 401 == 400
E    +  where 401 = &lt;tests.http_client.HTTPResponse object at 0x10b1a1130&gt;.status_code</failure></testcase><testcase classname="tests.integration.test_api.test_user_api.TestUserAPI" name="test_update_user_duplicate_email" time="1.945"><failure message="assert 401 in [400, 409]&#10; +  where 401 = &lt;tests.http_client.HTTPResponse object at 0x10b1a2210&gt;.status_code">tests/integration/test_api/test_user_api.py:303: in test_update_user_duplicate_email
    assert response.status_code in [400, 409]
E   assert 401 in [400, 409]
E    +  where 401 = &lt;tests.http_client.HTTPResponse object at 0x10b1a2210&gt;.status_code</failure></testcase><testcase classname="tests.integration.test_api.test_user_api.TestUserAPIEdgeCases" name="test_get_nonexistent_user" time="1.931"><failure message="assert 401 == 404&#10; +  where 401 = &lt;tests.http_client.HTTPResponse object at 0x10b1a3520&gt;.status_code">tests/integration/test_api/test_user_api.py:318: in test_get_nonexistent_user
    assert response.status_code == 404
E   assert 401 == 404
E    +  where 401 = &lt;tests.http_client.HTTPResponse object at 0x10b1a3520&gt;.status_code</failure></testcase><testcase classname="tests.integration.test_api.test_user_api.TestUserAPIEdgeCases" name="test_update_nonexistent_user" time="1.940"><failure message="assert 401 == 404&#10; +  where 401 = &lt;tests.http_client.HTTPResponse object at 0x10b2102d0&gt;.status_code">tests/integration/test_api/test_user_api.py:336: in test_update_nonexistent_user
    assert response.status_code == 404
E   assert 401 == 404
E    +  where 401 = &lt;tests.http_client.HTTPResponse object at 0x10b2102d0&gt;.status_code</failure></testcase><testcase classname="tests.integration.test_api.test_user_api.TestUserAPIEdgeCases" name="test_delete_nonexistent_user" time="1.930"><failure message="assert 401 == 404&#10; +  where 401 = &lt;tests.http_client.HTTPResponse object at 0x10b211590&gt;.status_code">tests/integration/test_api/test_user_api.py:347: in test_delete_nonexistent_user
    assert response.status_code == 404
E   assert 401 == 404
E    +  where 401 = &lt;tests.http_client.HTTPResponse object at 0x10b211590&gt;.status_code</failure></testcase><testcase classname="tests.integration.test_api.test_user_api.TestUserAPIEdgeCases" name="test_verify_nonexistent_user" time="1.923"><failure message="assert 401 == 404&#10; +  where 401 = &lt;tests.http_client.HTTPResponse object at 0x10b212530&gt;.status_code">tests/integration/test_api/test_user_api.py:358: in test_verify_nonexistent_user
    assert response.status_code == 404
E   assert 401 == 404
E    +  where 401 = &lt;tests.http_client.HTTPResponse object at 0x10b212530&gt;.status_code</failure></testcase><testcase classname="tests.integration.test_api.test_user_api.TestUserAPIEdgeCases" name="test_pagination_boundary_values" time="1.923"><failure message="assert 401 in [200, 400]&#10; +  where 401 = &lt;tests.http_client.HTTPResponse object at 0x10b2138e0&gt;.status_code">tests/integration/test_api/test_user_api.py:367: in test_pagination_boundary_values
    assert response.status_code in [200, 400]
E   assert 401 in [200, 400]
E    +  where 401 = &lt;tests.http_client.HTTPResponse object at 0x10b2138e0&gt;.status_code</failure></testcase><testcase classname="tests.integration.test_api.test_user_api.TestUserAPIEdgeCases" name="test_invalid_role_filter" time="1.931"><failure message="assert 401 == 400&#10; +  where 401 = &lt;tests.http_client.HTTPResponse object at 0x10b243750&gt;.status_code">tests/integration/test_api/test_user_api.py:392: in test_invalid_role_filter
    assert response.status_code == 400
E   assert 401 == 400
E    +  where 401 = &lt;tests.http_client.HTTPResponse object at 0x10b243750&gt;.status_code</failure></testcase><testcase classname="tests.integration.test_api.test_user_api.TestUserAPIEdgeCases" name="test_invalid_status_filter" time="1.949"><failure message="assert 401 == 400&#10; +  where 401 = &lt;tests.http_client.HTTPResponse object at 0x10b240b90&gt;.status_code">tests/integration/test_api/test_user_api.py:406: in test_invalid_status_filter
    assert response.status_code == 400
E   assert 401 == 400
E    +  where 401 = &lt;tests.http_client.HTTPResponse object at 0x10b240b90&gt;.status_code</failure></testcase><testcase classname="tests.integration.test_api.test_user_api.TestUserAPIEdgeCases" name="test_update_user_status_invalid_value" time="0.107"><failure message="TypeError: Session.request() got an unexpected keyword argument 'content_type'">tests/integration/test_api/test_user_api.py:419: in test_update_user_status_invalid_value
    response = client.put(
tests/http_client.py:43: in put
    response = self.session.put(url, json=json, headers=headers, **kwargs)
venv/lib/python3.14/site-packages/requests/sessions.py:649: in put
    return self.request("PUT", url, data=data, **kwargs)
E   TypeError: Session.request() got an unexpected keyword argument 'content_type'</failure></testcase><testcase classname="tests.integration.test_api.test_user_api.TestUserAPIEdgeCases" name="test_update_user_status_missing_value" time="0.084"><failure message="TypeError: Session.request() got an unexpected keyword argument 'content_type'">tests/integration/test_api/test_user_api.py:435: in test_update_user_status_missing_value
    response = client.put(
tests/http_client.py:43: in put
    response = self.session.put(url, json=json, headers=headers, **kwargs)
venv/lib/python3.14/site-packages/requests/sessions.py:649: in put
    return self.request("PUT", url, data=data, **kwargs)
E   TypeError: Session.request() got an unexpected keyword argument 'content_type'</failure></testcase><testcase classname="tests.integration.test_api.test_user_api.TestUserAPIEdgeCases" name="test_user_endpoints_without_authentication" time="0.019"><failure message="TypeError: Session.request() got an unexpected keyword argument 'content_type'">tests/integration/test_api/test_user_api.py:457: in test_user_endpoints_without_authentication
    response = client.post(
tests/http_client.py:37: in post
    response = self.session.post(url, json=json, headers=headers, **kwargs)
venv/lib/python3.14/site-packages/requests/sessions.py:637: in post
    return self.request("POST", url, data=data, json=json, **kwargs)
E   TypeError: Session.request() got an unexpected keyword argument 'content_type'</failure></testcase><testcase classname="tests.integration.test_api.test_user_api.TestUserAPIEdgeCases" name="test_special_characters_in_user_fields" time="1.909"><failure message="assert 401 in [200, 400]&#10; +  where 401 = &lt;tests.http_client.HTTPResponse object at 0x10b287570&gt;.status_code">tests/integration/test_api/test_user_api.py:493: in test_special_characters_in_user_fields
    assert response.status_code in [200, 400]
E   assert 401 in [200, 400]
E    +  where 401 = &lt;tests.http_client.HTTPResponse object at 0x10b287570&gt;.status_code</failure></testcase></testsuite></testsuites>