<?xml version="1.0" encoding="utf-8"?><testsuites><testsuite name="pytest" errors="0" failures="35" skipped="0" tests="83" time="10.696" timestamp="2025-11-23T23:39:37.255886+08:00" hostname="John-MacBook-Air.local"><testcase classname="tests.integration.test_api.test_auth_api.TestAuthAPI" name="test_register_success" time="0.411" /><testcase classname="tests.integration.test_api.test_auth_api.TestAuthAPI" name="test_register_duplicate_username" time="0.069" /><testcase classname="tests.integration.test_api.test_auth_api.TestAuthAPI" name="test_login_success" time="0.211" /><testcase classname="tests.integration.test_api.test_auth_api.TestAuthAPI" name="test_login_invalid_password" time="0.158" /><testcase classname="tests.integration.test_api.test_auth_api.TestAuthAPI" name="test_get_current_user" time="0.119"><failure message="assert 401 == 200&#10; +  where 401 = &lt;tests.http_client.HTTPResponse object at 0x10f5e7650&gt;.status_code">tests/integration/test_api/test_auth_api.py:111: in test_get_current_user
    assert response.status_code == 200
E   assert 401 == 200
E    +  where 401 = &lt;tests.http_client.HTTPResponse object at 0x10f5e7650&gt;.status_code</failure></testcase><testcase classname="tests.integration.test_api.test_auth_api.TestAuthAPI" name="test_get_current_user_without_token" time="0.004" /><testcase classname="tests.integration.test_api.test_auth_api.TestAuthAPI" name="test_logout_success" time="0.118"><failure message="assert 401 == 200&#10; +  where 401 = &lt;tests.http_client.HTTPResponse object at 0x10f65da50&gt;.status_code">tests/integration/test_api/test_auth_api.py:135: in test_logout_success
    assert response.status_code == 200
E   assert 401 == 200
E    +  where 401 = &lt;tests.http_client.HTTPResponse object at 0x10f65da50&gt;.status_code</failure></testcase><testcase classname="tests.integration.test_api.test_auth_api.TestAuthAPI" name="test_refresh_token_success" time="0.117"><failure message="assert 401 == 200&#10; +  where 401 = &lt;tests.http_client.HTTPResponse object at 0x10f66b890&gt;.status_code">tests/integration/test_api/test_auth_api.py:154: in test_refresh_token_success
    assert response.status_code == 200
E   assert 401 == 200
E    +  where 401 = &lt;tests.http_client.HTTPResponse object at 0x10f66b890&gt;.status_code</failure></testcase><testcase classname="tests.integration.test_api.test_auth_api.TestAuthAPI" name="test_get_user_tokens" time="0.115"><failure message="assert 401 == 200&#10; +  where 401 = &lt;tests.http_client.HTTPResponse object at 0x10f6a4910&gt;.status_code">tests/integration/test_api/test_auth_api.py:168: in test_get_user_tokens
    assert response.status_code == 200
E   assert 401 == 200
E    +  where 401 = &lt;tests.http_client.HTTPResponse object at 0x10f6a4910&gt;.status_code</failure></testcase><testcase classname="tests.integration.test_api.test_auth_api.TestAuthAPI" name="test_revoke_all_tokens" time="0.115"><failure message="assert 401 == 200&#10; +  where 401 = &lt;tests.http_client.HTTPResponse object at 0x10f7342c0&gt;.status_code">tests/integration/test_api/test_auth_api.py:183: in test_revoke_all_tokens
    assert response.status_code == 200
E   assert 401 == 200
E    +  where 401 = &lt;tests.http_client.HTTPResponse object at 0x10f7342c0&gt;.status_code</failure></testcase><testcase classname="tests.integration.test_api.test_auth_api.TestAuthAPI" name="test_register_missing_required_fields" time="0.005" /><testcase classname="tests.integration.test_api.test_auth_api.TestAuthAPI" name="test_register_weak_password" time="0.004" /><testcase classname="tests.integration.test_api.test_auth_api.TestAuthAPI" name="test_register_invalid_email" time="0.003" /><testcase classname="tests.integration.test_api.test_auth_api.TestAuthAPI" name="test_login_with_email" time="0.210" /><testcase classname="tests.integration.test_api.test_auth_api.TestAuthAPI" name="test_login_nonexistent_user" time="0.008" /><testcase classname="tests.integration.test_api.test_auth_api.TestAuthAPI" name="test_refresh_token_invalid" time="0.006" /><testcase classname="tests.integration.test_api.test_auth_api.TestAuthAPI" name="test_refresh_token_missing" time="0.004" /><testcase classname="tests.integration.test_api.test_auth_api.TestAuthAPI" name="test_protected_endpoint_invalid_token" time="0.004" /><testcase classname="tests.integration.test_api.test_auth_api.TestAuthAPI" name="test_protected_endpoint_malformed_header" time="0.004" /><testcase classname="tests.integration.test_api.test_auth_api.TestAuthAPI" name="test_logout_without_token" time="0.004" /><testcase classname="tests.integration.test_api.test_auth_api.TestAuthAPIEdgeCases" name="test_sql_injection_in_login" time="0.009" /><testcase classname="tests.integration.test_api.test_auth_api.TestAuthAPIEdgeCases" name="test_xss_in_registration" time="0.158"><failure message="assert 401 in [201, 400]&#10; +  where 401 = &lt;tests.http_client.HTTPResponse object at 0x10f6e4890&gt;.status_code">tests/integration/test_api/test_auth_api.py:396: in test_xss_in_registration
    assert response.status_code in [201, 400]
E   assert 401 in [201, 400]
E    +  where 401 = &lt;tests.http_client.HTTPResponse object at 0x10f6e4890&gt;.status_code</failure></testcase><testcase classname="tests.integration.test_api.test_auth_api.TestAuthAPIEdgeCases" name="test_multiple_rapid_login_attempts" time="0.553" /><testcase classname="tests.integration.test_api.test_auth_api.TestAuthAPIEdgeCases" name="test_very_long_username" time="0.005" /><testcase classname="tests.integration.test_api.test_auth_api.TestAuthAPIEdgeCases" name="test_unicode_in_credentials" time="0.319" /><testcase classname="tests.integration.test_api.test_auth_api.TestAuthAPIEdgeCases" name="test_null_byte_in_password" time="0.314" /><testcase classname="tests.integration.test_api.test_auth_api.TestAuthAPIEdgeCases" name="test_case_sensitivity_in_login" time="0.214" /><testcase classname="tests.integration.test_api.test_public_user_api.TestPublicUserAPI" name="test_list_users_default_pagination" time="0.183" /><testcase classname="tests.integration.test_api.test_public_user_api.TestPublicUserAPI" name="test_list_users_custom_pagination" time="0.212" /><testcase classname="tests.integration.test_api.test_public_user_api.TestPublicUserAPI" name="test_list_users_response_format" time="0.159" /><testcase classname="tests.integration.test_api.test_public_user_api.TestPublicUserAPI" name="test_get_single_user_success" time="0.114" /><testcase classname="tests.integration.test_api.test_public_user_api.TestPublicUserAPI" name="test_get_single_user_not_found" time="0.012" /><testcase classname="tests.integration.test_api.test_public_user_api.TestPublicUserAPI" name="test_create_user_success" time="0.166" /><testcase classname="tests.integration.test_api.test_public_user_api.TestPublicUserAPI" name="test_create_user_duplicate_email" time="0.068"><failure message="assert 500 in [400, 409]&#10; +  where 500 = &lt;tests.http_client.HTTPResponse object at 0x10f71b110&gt;.status_code">tests/integration/test_api/test_public_user_api.py:128: in test_create_user_duplicate_email
    assert response.status_code in [400, 409]  # Bad request or conflict
E   assert 500 in [400, 409]
E    +  where 500 = &lt;tests.http_client.HTTPResponse object at 0x10f71b110&gt;.status_code</failure></testcase><testcase classname="tests.integration.test_api.test_public_user_api.TestPublicUserAPI" name="test_create_user_missing_required_fields" time="0.005" /><testcase classname="tests.integration.test_api.test_public_user_api.TestPublicUserAPI" name="test_create_user_invalid_email" time="0.005" /><testcase classname="tests.integration.test_api.test_public_user_api.TestPublicUserAPI" name="test_update_user_put_success" time="0.168" /><testcase classname="tests.integration.test_api.test_public_user_api.TestPublicUserAPI" name="test_update_user_patch_success" time="0.166" /><testcase classname="tests.integration.test_api.test_public_user_api.TestPublicUserAPI" name="test_update_user_not_found" time="0.011" /><testcase classname="tests.integration.test_api.test_public_user_api.TestPublicUserAPI" name="test_delete_user_success" time="0.082" /><testcase classname="tests.integration.test_api.test_public_user_api.TestPublicUserAPI" name="test_delete_user_not_found" time="0.008"><failure message="assert 204 == 404&#10; +  where 204 = &lt;tests.http_client.HTTPResponse object at 0x10f7ae990&gt;.status_code">tests/integration/test_api/test_public_user_api.py:248: in test_delete_user_not_found
    assert response.status_code == 404
E   assert 204 == 404
E    +  where 204 = &lt;tests.http_client.HTTPResponse object at 0x10f7ae990&gt;.status_code</failure></testcase><testcase classname="tests.integration.test_api.test_public_user_api.TestPublicUserAPI" name="test_public_api_no_authentication_required" time="0.372" /><testcase classname="tests.integration.test_api.test_public_user_api.TestPublicUserAPI" name="test_public_api_response_structure" time="0.216" /><testcase classname="tests.integration.test_api.test_public_user_api.TestPublicUserAPI" name="test_avatar_url_field_mapping" time="0.229" /><testcase classname="tests.integration.test_api.test_public_user_api.TestPublicUserAPIEdgeCases" name="test_pagination_edge_case_page_zero" time="0.004" /><testcase classname="tests.integration.test_api.test_public_user_api.TestPublicUserAPIEdgeCases" name="test_pagination_edge_case_negative_page" time="0.004" /><testcase classname="tests.integration.test_api.test_public_user_api.TestPublicUserAPIEdgeCases" name="test_pagination_edge_case_large_per_page" time="0.003" /><testcase classname="tests.integration.test_api.test_public_user_api.TestPublicUserAPIEdgeCases" name="test_create_user_with_extra_fields" time="0.162" /><testcase classname="tests.integration.test_api.test_public_user_api.TestPublicUserAPIEdgeCases" name="test_update_user_empty_payload" time="0.164" /><testcase classname="tests.integration.test_api.test_public_user_api.TestPublicUserAPIEdgeCases" name="test_content_type_handling" time="0.167" /><testcase classname="tests.integration.test_api.test_public_user_api.TestPublicUserAPIEdgeCases" name="test_malformed_json" time="0.004" /><testcase classname="tests.integration.test_api.test_public_user_api.TestPublicUserAPIEdgeCases" name="test_special_characters_in_names" time="0.161" /><testcase classname="tests.integration.test_api.test_public_user_api.TestPublicUserAPIEdgeCases" name="test_unicode_in_names" time="0.161" /><testcase classname="tests.integration.test_api.test_public_user_api.TestPublicUserAPIEdgeCases" name="test_very_long_email" time="0.006" /><testcase classname="tests.integration.test_api.test_user_api.TestUserAPI" name="test_get_users_as_admin" time="0.126"><failure message="assert 401 == 200&#10; +  where 401 = &lt;tests.http_client.HTTPResponse object at 0x10f5d8dc0&gt;.status_code">tests/integration/test_api/test_user_api.py:21: in test_get_users_as_admin
    assert response.status_code == 200
E   assert 401 == 200
E    +  where 401 = &lt;tests.http_client.HTTPResponse object at 0x10f5d8dc0&gt;.status_code</failure></testcase><testcase classname="tests.integration.test_api.test_user_api.TestUserAPI" name="test_get_users_as_regular_user" time="0.114"><failure message="assert 401 == 403&#10; +  where 401 = &lt;tests.http_client.HTTPResponse object at 0x10f7af930&gt;.status_code">tests/integration/test_api/test_user_api.py:36: in test_get_users_as_regular_user
    assert response.status_code == 403
E   assert 401 == 403
E    +  where 401 = &lt;tests.http_client.HTTPResponse object at 0x10f7af930&gt;.status_code</failure></testcase><testcase classname="tests.integration.test_api.test_user_api.TestUserAPI" name="test_get_user_by_id_self" time="0.117"><failure message="assert 401 == 200&#10; +  where 401 = &lt;tests.http_client.HTTPResponse object at 0x10f7f4c30&gt;.status_code">tests/integration/test_api/test_user_api.py:47: in test_get_user_by_id_self
    assert response.status_code == 200
E   assert 401 == 200
E    +  where 401 = &lt;tests.http_client.HTTPResponse object at 0x10f7f4c30&gt;.status_code</failure></testcase><testcase classname="tests.integration.test_api.test_user_api.TestUserAPI" name="test_update_user_self" time="0.123"><failure message="assert 401 == 200&#10; +  where 401 = &lt;tests.http_client.HTTPResponse object at 0x10f7f5bd0&gt;.status_code">tests/integration/test_api/test_user_api.py:68: in test_update_user_self
    assert response.status_code == 200
E   assert 401 == 200
E    +  where 401 = &lt;tests.http_client.HTTPResponse object at 0x10f7f5bd0&gt;.status_code</failure></testcase><testcase classname="tests.integration.test_api.test_user_api.TestUserAPI" name="test_change_password" time="0.122"><failure message="assert 401 == 200&#10; +  where 401 = &lt;tests.http_client.HTTPResponse object at 0x10f7f7610&gt;.status_code">tests/integration/test_api/test_user_api.py:89: in test_change_password
    assert response.status_code == 200
E   assert 401 == 200
E    +  where 401 = &lt;tests.http_client.HTTPResponse object at 0x10f7f7610&gt;.status_code</failure></testcase><testcase classname="tests.integration.test_api.test_user_api.TestUserAPI" name="test_create_user_as_admin" time="0.118"><failure message="assert 401 == 201&#10; +  where 401 = &lt;tests.http_client.HTTPResponse object at 0x10f80b110&gt;.status_code">tests/integration/test_api/test_user_api.py:112: in test_create_user_as_admin
    assert response.status_code == 201
E   assert 401 == 201
E    +  where 401 = &lt;tests.http_client.HTTPResponse object at 0x10f80b110&gt;.status_code</failure></testcase><testcase classname="tests.integration.test_api.test_user_api.TestUserAPI" name="test_delete_user_as_admin" time="0.181"><failure message="assert 401 == 200&#10; +  where 401 = &lt;tests.http_client.HTTPResponse object at 0x10f80bb10&gt;.status_code">tests/integration/test_api/test_user_api.py:126: in test_delete_user_as_admin
    assert response.status_code == 200
E   assert 401 == 200
E    +  where 401 = &lt;tests.http_client.HTTPResponse object at 0x10f80bb10&gt;.status_code</failure></testcase><testcase classname="tests.integration.test_api.test_user_api.TestUserAPI" name="test_verify_user_as_admin" time="0.166"><failure message="assert 401 == 200&#10; +  where 401 = &lt;tests.http_client.HTTPResponse object at 0x10f8099a0&gt;.status_code">tests/integration/test_api/test_user_api.py:139: in test_verify_user_as_admin
    assert response.status_code == 200
E   assert 401 == 200
E    +  where 401 = &lt;tests.http_client.HTTPResponse object at 0x10f8099a0&gt;.status_code</failure></testcase><testcase classname="tests.integration.test_api.test_user_api.TestUserAPI" name="test_update_user_status_as_admin" time="0.173"><failure message="assert 401 == 200&#10; +  where 401 = &lt;tests.http_client.HTTPResponse object at 0x10f809f90&gt;.status_code">tests/integration/test_api/test_user_api.py:160: in test_update_user_status_as_admin
    assert response.status_code == 200
E   assert 401 == 200
E    +  where 401 = &lt;tests.http_client.HTTPResponse object at 0x10f809f90&gt;.status_code</failure></testcase><testcase classname="tests.integration.test_api.test_user_api.TestUserAPI" name="test_get_user_permission_denied" time="0.175"><failure message="assert 401 == 403&#10; +  where 401 = &lt;tests.http_client.HTTPResponse object at 0x10f873020&gt;.status_code">tests/integration/test_api/test_user_api.py:173: in test_get_user_permission_denied
    assert response.status_code == 403
E   assert 401 == 403
E    +  where 401 = &lt;tests.http_client.HTTPResponse object at 0x10f873020&gt;.status_code</failure></testcase><testcase classname="tests.integration.test_api.test_user_api.TestUserAPI" name="test_update_other_user_permission_denied" time="0.168"><failure message="assert 401 == 403&#10; +  where 401 = &lt;tests.http_client.HTTPResponse object at 0x10f873930&gt;.status_code">tests/integration/test_api/test_user_api.py:190: in test_update_other_user_permission_denied
    assert response.status_code == 403
E   assert 401 == 403
E    +  where 401 = &lt;tests.http_client.HTTPResponse object at 0x10f873930&gt;.status_code</failure></testcase><testcase classname="tests.integration.test_api.test_user_api.TestUserAPI" name="test_create_user_as_regular_user" time="0.117"><failure message="assert 401 == 403&#10; +  where 401 = &lt;tests.http_client.HTTPResponse object at 0x10f8718b0&gt;.status_code">tests/integration/test_api/test_user_api.py:209: in test_create_user_as_regular_user
    assert response.status_code == 403
E   assert 401 == 403
E    +  where 401 = &lt;tests.http_client.HTTPResponse object at 0x10f8718b0&gt;.status_code</failure></testcase><testcase classname="tests.integration.test_api.test_user_api.TestUserAPI" name="test_delete_user_as_regular_user" time="0.130"><failure message="assert 401 == 403&#10; +  where 401 = &lt;tests.http_client.HTTPResponse object at 0x10f872a30&gt;.status_code">tests/integration/test_api/test_user_api.py:220: in test_delete_user_as_regular_user
    assert response.status_code == 403
E   assert 401 == 403
E    +  where 401 = &lt;tests.http_client.HTTPResponse object at 0x10f872a30&gt;.status_code</failure></testcase><testcase classname="tests.integration.test_api.test_user_api.TestUserAPI" name="test_change_password_wrong_old_password" time="0.116" /><testcase classname="tests.integration.test_api.test_user_api.TestUserAPI" name="test_change_password_weak_new_password" time="0.120"><failure message="assert 401 == 400&#10; +  where 401 = &lt;tests.http_client.HTTPResponse object at 0x10f85e7b0&gt;.status_code">tests/integration/test_api/test_user_api.py:256: in test_change_password_weak_new_password
    assert response.status_code == 400
E   assert 401 == 400
E    +  where 401 = &lt;tests.http_client.HTTPResponse object at 0x10f85e7b0&gt;.status_code</failure></testcase><testcase classname="tests.integration.test_api.test_user_api.TestUserAPI" name="test_get_users_with_filters" time="0.121"><failure message="assert 401 == 200&#10; +  where 401 = &lt;tests.http_client.HTTPResponse object at 0x10f85de00&gt;.status_code">tests/integration/test_api/test_user_api.py:267: in test_get_users_with_filters
    assert response.status_code == 200
E   assert 401 == 200
E    +  where 401 = &lt;tests.http_client.HTTPResponse object at 0x10f85de00&gt;.status_code</failure></testcase><testcase classname="tests.integration.test_api.test_user_api.TestUserAPI" name="test_update_user_invalid_email" time="0.116"><failure message="assert 401 == 400&#10; +  where 401 = &lt;tests.http_client.HTTPResponse object at 0x10f85d310&gt;.status_code">tests/integration/test_api/test_user_api.py:286: in test_update_user_invalid_email
    assert response.status_code == 400
E   assert 401 == 400
E    +  where 401 = &lt;tests.http_client.HTTPResponse object at 0x10f85d310&gt;.status_code</failure></testcase><testcase classname="tests.integration.test_api.test_user_api.TestUserAPI" name="test_update_user_duplicate_email" time="0.175"><failure message="assert 401 in [400, 409]&#10; +  where 401 = &lt;tests.http_client.HTTPResponse object at 0x10f85e170&gt;.status_code">tests/integration/test_api/test_user_api.py:303: in test_update_user_duplicate_email
    assert response.status_code in [400, 409]
E   assert 401 in [400, 409]
E    +  where 401 = &lt;tests.http_client.HTTPResponse object at 0x10f85e170&gt;.status_code</failure></testcase><testcase classname="tests.integration.test_api.test_user_api.TestUserAPIEdgeCases" name="test_get_nonexistent_user" time="0.121"><failure message="assert 401 == 404&#10; +  where 401 = &lt;tests.http_client.HTTPResponse object at 0x10f85f980&gt;.status_code">tests/integration/test_api/test_user_api.py:318: in test_get_nonexistent_user
    assert response.status_code == 404
E   assert 401 == 404
E    +  where 401 = &lt;tests.http_client.HTTPResponse object at 0x10f85f980&gt;.status_code</failure></testcase><testcase classname="tests.integration.test_api.test_user_api.TestUserAPIEdgeCases" name="test_update_nonexistent_user" time="0.119"><failure message="assert 401 == 404&#10; +  where 401 = &lt;tests.http_client.HTTPResponse object at 0x10f92f520&gt;.status_code">tests/integration/test_api/test_user_api.py:336: in test_update_nonexistent_user
    assert response.status_code == 404
E   assert 401 == 404
E    +  where 401 = &lt;tests.http_client.HTTPResponse object at 0x10f92f520&gt;.status_code</failure></testcase><testcase classname="tests.integration.test_api.test_user_api.TestUserAPIEdgeCases" name="test_delete_nonexistent_user" time="0.117"><failure message="assert 401 == 404&#10; +  where 401 = &lt;tests.http_client.HTTPResponse object at 0x10f92d180&gt;.status_code">tests/integration/test_api/test_user_api.py:347: in test_delete_nonexistent_user
    assert response.status_code == 404
E   assert 401 == 404
E    +  where 401 = &lt;tests.http_client.HTTPResponse object at 0x10f92d180&gt;.status_code</failure></testcase><testcase classname="tests.integration.test_api.test_user_api.TestUserAPIEdgeCases" name="test_verify_nonexistent_user" time="0.113"><failure message="assert 401 == 404&#10; +  where 401 = &lt;tests.http_client.HTTPResponse object at 0x10f92e5d0&gt;.status_code">tests/integration/test_api/test_user_api.py:358: in test_verify_nonexistent_user
    assert response.status_code == 404
E   assert 401 == 404
E    +  where 401 = &lt;tests.http_client.HTTPResponse object at 0x10f92e5d0&gt;.status_code</failure></testcase><testcase classname="tests.integration.test_api.test_user_api.TestUserAPIEdgeCases" name="test_pagination_boundary_values" time="0.120"><failure message="assert 401 in [200, 400]&#10; +  where 401 = &lt;tests.http_client.HTTPResponse object at 0x10f92fb10&gt;.status_code">tests/integration/test_api/test_user_api.py:367: in test_pagination_boundary_values
    assert response.status_code in [200, 400]
E   assert 401 in [200, 400]
E    +  where 401 = &lt;tests.http_client.HTTPResponse object at 0x10f92fb10&gt;.status_code</failure></testcase><testcase classname="tests.integration.test_api.test_user_api.TestUserAPIEdgeCases" name="test_invalid_role_filter" time="0.119"><failure message="assert 401 == 400&#10; +  where 401 = &lt;tests.http_client.HTTPResponse object at 0x10f5d9810&gt;.status_code">tests/integration/test_api/test_user_api.py:392: in test_invalid_role_filter
    assert response.status_code == 400
E   assert 401 == 400
E    +  where 401 = &lt;tests.http_client.HTTPResponse object at 0x10f5d9810&gt;.status_code</failure></testcase><testcase classname="tests.integration.test_api.test_user_api.TestUserAPIEdgeCases" name="test_invalid_status_filter" time="0.117"><failure message="assert 401 == 400&#10; +  where 401 = &lt;tests.http_client.HTTPResponse object at 0x10f97cf50&gt;.status_code">tests/integration/test_api/test_user_api.py:406: in test_invalid_status_filter
    assert response.status_code == 400
E   assert 401 == 400
E    +  where 401 = &lt;tests.http_client.HTTPResponse object at 0x10f97cf50&gt;.status_code</failure></testcase><testcase classname="tests.integration.test_api.test_user_api.TestUserAPIEdgeCases" name="test_update_user_status_invalid_value" time="0.174"><failure message="assert 401 == 400&#10; +  where 401 = &lt;tests.http_client.HTTPResponse object at 0x10f5d9400&gt;.status_code">tests/integration/test_api/test_user_api.py:427: in test_update_user_status_invalid_value
    assert response.status_code == 400
E   assert 401 == 400
E    +  where 401 = &lt;tests.http_client.HTTPResponse object at 0x10f5d9400&gt;.status_code</failure></testcase><testcase classname="tests.integration.test_api.test_user_api.TestUserAPIEdgeCases" name="test_update_user_status_missing_value" time="0.175"><failure message="assert 401 == 400&#10; +  where 401 = &lt;tests.http_client.HTTPResponse object at 0x10f97f520&gt;.status_code">tests/integration/test_api/test_user_api.py:443: in test_update_user_status_missing_value
    assert response.status_code == 400
E   assert 401 == 400
E    +  where 401 = &lt;tests.http_client.HTTPResponse object at 0x10f97f520&gt;.status_code</failure></testcase><testcase classname="tests.integration.test_api.test_user_api.TestUserAPIEdgeCases" name="test_user_endpoints_without_authentication" time="0.064" /><testcase classname="tests.integration.test_api.test_user_api.TestUserAPIEdgeCases" name="test_special_characters_in_user_fields" time="0.128"><failure message="assert 401 in [200, 400]&#10; +  where 401 = &lt;tests.http_client.HTTPResponse object at 0x10f963cf0&gt;.status_code">tests/integration/test_api/test_user_api.py:493: in test_special_characters_in_user_fields
    assert response.status_code in [200, 400]
E   assert 401 in [200, 400]
E    +  where 401 = &lt;tests.http_client.HTTPResponse object at 0x10f963cf0&gt;.status_code</failure></testcase></testsuite></testsuites>