<?xml version="1.0" encoding="utf-8"?><testsuites><testsuite name="pytest" errors="13" failures="28" skipped="0" tests="83" time="7.358" timestamp="2025-11-23T18:41:30.463988+08:00" hostname="John-MacBook-Air.local"><testcase classname="tests.integration.test_api.test_auth_api.TestAuthAPI" name="test_register_success" time="0.343"><failure message="assert 401 == 201&#10; +  where 401 = &lt;tests.http_client.HTTPResponse object at 0x10cd54050&gt;.status_code">tests/integration/test_api/test_auth_api.py:31: in test_register_success
    assert response.status_code == 201
E   assert 401 == 201
E    +  where 401 = &lt;tests.http_client.HTTPResponse object at 0x10cd54050&gt;.status_code</failure></testcase><testcase classname="tests.integration.test_api.test_auth_api.TestAuthAPI" name="test_register_duplicate_username" time="0.068" /><testcase classname="tests.integration.test_api.test_auth_api.TestAuthAPI" name="test_login_success" time="0.106"><failure message="assert 401 == 200&#10; +  where 401 = &lt;tests.http_client.HTTPResponse object at 0x10ce5e210&gt;.status_code">tests/integration/test_api/test_auth_api.py:75: in test_login_success
    assert response.status_code == 200
E   assert 401 == 200
E    +  where 401 = &lt;tests.http_client.HTTPResponse object at 0x10ce5e210&gt;.status_code</failure></testcase><testcase classname="tests.integration.test_api.test_auth_api.TestAuthAPI" name="test_login_invalid_password" time="0.105" /><testcase classname="tests.integration.test_api.test_auth_api.TestAuthAPI" name="test_get_current_user" time="0.073"><failure message="assert 401 == 200&#10; +  where 401 = &lt;tests.http_client.HTTPResponse object at 0x10cecd490&gt;.status_code">tests/integration/test_api/test_auth_api.py:111: in test_get_current_user
    assert response.status_code == 200
E   assert 401 == 200
E    +  where 401 = &lt;tests.http_client.HTTPResponse object at 0x10cecd490&gt;.status_code</failure></testcase><testcase classname="tests.integration.test_api.test_auth_api.TestAuthAPI" name="test_get_current_user_without_token" time="0.005" /><testcase classname="tests.integration.test_api.test_auth_api.TestAuthAPI" name="test_logout_success" time="0.068"><failure message="assert 401 == 200&#10; +  where 401 = &lt;tests.http_client.HTTPResponse object at 0x10cea4650&gt;.status_code">tests/integration/test_api/test_auth_api.py:135: in test_logout_success
    assert response.status_code == 200
E   assert 401 == 200
E    +  where 401 = &lt;tests.http_client.HTTPResponse object at 0x10cea4650&gt;.status_code</failure></testcase><testcase classname="tests.integration.test_api.test_auth_api.TestAuthAPI" name="test_refresh_token_success" time="0.085"><failure message="assert 401 == 200&#10; +  where 401 = &lt;tests.http_client.HTTPResponse object at 0x10cf058b0&gt;.status_code">tests/integration/test_api/test_auth_api.py:154: in test_refresh_token_success
    assert response.status_code == 200
E   assert 401 == 200
E    +  where 401 = &lt;tests.http_client.HTTPResponse object at 0x10cf058b0&gt;.status_code</failure></testcase><testcase classname="tests.integration.test_api.test_auth_api.TestAuthAPI" name="test_get_user_tokens" time="0.067"><failure message="assert 401 == 200&#10; +  where 401 = &lt;tests.http_client.HTTPResponse object at 0x10cebf5b0&gt;.status_code">tests/integration/test_api/test_auth_api.py:168: in test_get_user_tokens
    assert response.status_code == 200
E   assert 401 == 200
E    +  where 401 = &lt;tests.http_client.HTTPResponse object at 0x10cebf5b0&gt;.status_code</failure></testcase><testcase classname="tests.integration.test_api.test_auth_api.TestAuthAPI" name="test_revoke_all_tokens" time="0.066"><failure message="assert 401 == 200&#10; +  where 401 = &lt;tests.http_client.HTTPResponse object at 0x10ce1af70&gt;.status_code">tests/integration/test_api/test_auth_api.py:183: in test_revoke_all_tokens
    assert response.status_code == 200
E   assert 401 == 200
E    +  where 401 = &lt;tests.http_client.HTTPResponse object at 0x10ce1af70&gt;.status_code</failure></testcase><testcase classname="tests.integration.test_api.test_auth_api.TestAuthAPI" name="test_register_missing_required_fields" time="0.005" /><testcase classname="tests.integration.test_api.test_auth_api.TestAuthAPI" name="test_register_weak_password" time="0.003" /><testcase classname="tests.integration.test_api.test_auth_api.TestAuthAPI" name="test_register_invalid_email" time="0.003" /><testcase classname="tests.integration.test_api.test_auth_api.TestAuthAPI" name="test_login_with_email" time="0.105"><failure message="assert 401 == 200&#10; +  where 401 = &lt;tests.http_client.HTTPResponse object at 0x10cecac50&gt;.status_code">tests/integration/test_api/test_auth_api.py:260: in test_login_with_email
    assert response.status_code == 200
E   assert 401 == 200
E    +  where 401 = &lt;tests.http_client.HTTPResponse object at 0x10cecac50&gt;.status_code</failure></testcase><testcase classname="tests.integration.test_api.test_auth_api.TestAuthAPI" name="test_login_nonexistent_user" time="0.009" /><testcase classname="tests.integration.test_api.test_auth_api.TestAuthAPI" name="test_refresh_token_invalid" time="0.004" /><testcase classname="tests.integration.test_api.test_auth_api.TestAuthAPI" name="test_refresh_token_missing" time="0.005" /><testcase classname="tests.integration.test_api.test_auth_api.TestAuthAPI" name="test_protected_endpoint_invalid_token" time="0.005" /><testcase classname="tests.integration.test_api.test_auth_api.TestAuthAPI" name="test_protected_endpoint_malformed_header" time="0.005" /><testcase classname="tests.integration.test_api.test_auth_api.TestAuthAPI" name="test_logout_without_token" time="0.006" /><testcase classname="tests.integration.test_api.test_auth_api.TestAuthAPIEdgeCases" name="test_sql_injection_in_login" time="0.008" /><testcase classname="tests.integration.test_api.test_auth_api.TestAuthAPIEdgeCases" name="test_xss_in_registration" time="0.166"><failure message="assert 401 in [201, 400]&#10; +  where 401 = &lt;tests.http_client.HTTPResponse object at 0x10ced9370&gt;.status_code">tests/integration/test_api/test_auth_api.py:396: in test_xss_in_registration
    assert response.status_code in [201, 400]
E   assert 401 in [201, 400]
E    +  where 401 = &lt;tests.http_client.HTTPResponse object at 0x10ced9370&gt;.status_code</failure></testcase><testcase classname="tests.integration.test_api.test_auth_api.TestAuthAPIEdgeCases" name="test_multiple_rapid_login_attempts" time="0.501" /><testcase classname="tests.integration.test_api.test_auth_api.TestAuthAPIEdgeCases" name="test_very_long_username" time="0.005" /><testcase classname="tests.integration.test_api.test_auth_api.TestAuthAPIEdgeCases" name="test_unicode_in_credentials" time="0.261"><failure message="assert 401 in [201, 400]&#10; +  where 401 = &lt;tests.http_client.HTTPResponse object at 0x10cf2b1b0&gt;.status_code">tests/integration/test_api/test_auth_api.py:456: in test_unicode_in_credentials
    assert response.status_code in [201, 400]
E   assert 401 in [201, 400]
E    +  where 401 = &lt;tests.http_client.HTTPResponse object at 0x10cf2b1b0&gt;.status_code</failure></testcase><testcase classname="tests.integration.test_api.test_auth_api.TestAuthAPIEdgeCases" name="test_null_byte_in_password" time="0.262"><failure message="assert 401 in [201, 400]&#10; +  where 401 = &lt;tests.http_client.HTTPResponse object at 0x10cf2bd90&gt;.status_code">tests/integration/test_api/test_auth_api.py:475: in test_null_byte_in_password
    assert response.status_code in [201, 400]
E   assert 401 in [201, 400]
E    +  where 401 = &lt;tests.http_client.HTTPResponse object at 0x10cf2bd90&gt;.status_code</failure></testcase><testcase classname="tests.integration.test_api.test_auth_api.TestAuthAPIEdgeCases" name="test_case_sensitivity_in_login" time="0.103" /><testcase classname="tests.integration.test_api.test_public_user_api.TestPublicUserAPI" name="test_list_users_default_pagination" time="0.090" /><testcase classname="tests.integration.test_api.test_public_user_api.TestPublicUserAPI" name="test_list_users_custom_pagination" time="0.161" /><testcase classname="tests.integration.test_api.test_public_user_api.TestPublicUserAPI" name="test_list_users_response_format" time="0.105" /><testcase classname="tests.integration.test_api.test_public_user_api.TestPublicUserAPI" name="test_get_single_user_success" time="0.062" /><testcase classname="tests.integration.test_api.test_public_user_api.TestPublicUserAPI" name="test_get_single_user_not_found" time="0.010" /><testcase classname="tests.integration.test_api.test_public_user_api.TestPublicUserAPI" name="test_create_user_success" time="0.168" /><testcase classname="tests.integration.test_api.test_public_user_api.TestPublicUserAPI" name="test_create_user_duplicate_email" time="0.015"><failure message="assert 500 in [400, 409]&#10; +  where 500 = &lt;tests.http_client.HTTPResponse object at 0x10cfed310&gt;.status_code">tests/integration/test_api/test_public_user_api.py:128: in test_create_user_duplicate_email
    assert response.status_code in [400, 409]  # Bad request or conflict
E   assert 500 in [400, 409]
E    +  where 500 = &lt;tests.http_client.HTTPResponse object at 0x10cfed310&gt;.status_code</failure></testcase><testcase classname="tests.integration.test_api.test_public_user_api.TestPublicUserAPI" name="test_create_user_missing_required_fields" time="0.004" /><testcase classname="tests.integration.test_api.test_public_user_api.TestPublicUserAPI" name="test_create_user_invalid_email" time="0.004" /><testcase classname="tests.integration.test_api.test_public_user_api.TestPublicUserAPI" name="test_update_user_put_success" time="0.120" /><testcase classname="tests.integration.test_api.test_public_user_api.TestPublicUserAPI" name="test_update_user_patch_success" time="0.119" /><testcase classname="tests.integration.test_api.test_public_user_api.TestPublicUserAPI" name="test_update_user_not_found" time="0.011" /><testcase classname="tests.integration.test_api.test_public_user_api.TestPublicUserAPI" name="test_delete_user_success" time="0.030" /><testcase classname="tests.integration.test_api.test_public_user_api.TestPublicUserAPI" name="test_delete_user_not_found" time="0.010"><failure message="assert 204 == 404&#10; +  where 204 = &lt;tests.http_client.HTTPResponse object at 0x10cfc54f0&gt;.status_code">tests/integration/test_api/test_public_user_api.py:248: in test_delete_user_not_found
    assert response.status_code == 404
E   assert 204 == 404
E    +  where 204 = &lt;tests.http_client.HTTPResponse object at 0x10cfc54f0&gt;.status_code</failure></testcase><testcase classname="tests.integration.test_api.test_public_user_api.TestPublicUserAPI" name="test_public_api_no_authentication_required" time="0.376" /><testcase classname="tests.integration.test_api.test_public_user_api.TestPublicUserAPI" name="test_public_api_response_structure" time="0.159" /><testcase classname="tests.integration.test_api.test_public_user_api.TestPublicUserAPI" name="test_avatar_url_field_mapping" time="0.171" /><testcase classname="tests.integration.test_api.test_public_user_api.TestPublicUserAPIEdgeCases" name="test_pagination_edge_case_page_zero" time="0.004" /><testcase classname="tests.integration.test_api.test_public_user_api.TestPublicUserAPIEdgeCases" name="test_pagination_edge_case_negative_page" time="0.003" /><testcase classname="tests.integration.test_api.test_public_user_api.TestPublicUserAPIEdgeCases" name="test_pagination_edge_case_large_per_page" time="0.003" /><testcase classname="tests.integration.test_api.test_public_user_api.TestPublicUserAPIEdgeCases" name="test_create_user_with_extra_fields" time="0.163" /><testcase classname="tests.integration.test_api.test_public_user_api.TestPublicUserAPIEdgeCases" name="test_update_user_empty_payload" time="0.115" /><testcase classname="tests.integration.test_api.test_public_user_api.TestPublicUserAPIEdgeCases" name="test_content_type_handling" time="0.165" /><testcase classname="tests.integration.test_api.test_public_user_api.TestPublicUserAPIEdgeCases" name="test_malformed_json" time="0.005" /><testcase classname="tests.integration.test_api.test_public_user_api.TestPublicUserAPIEdgeCases" name="test_special_characters_in_names" time="0.166" /><testcase classname="tests.integration.test_api.test_public_user_api.TestPublicUserAPIEdgeCases" name="test_unicode_in_names" time="0.167" /><testcase classname="tests.integration.test_api.test_public_user_api.TestPublicUserAPIEdgeCases" name="test_very_long_email" time="0.006" /><testcase classname="tests.integration.test_api.test_user_api.TestUserAPI" name="test_get_users_as_admin" time="0.072"><failure message="assert 401 == 200&#10; +  where 401 = &lt;tests.http_client.HTTPResponse object at 0x10d01c460&gt;.status_code">tests/integration/test_api/test_user_api.py:21: in test_get_users_as_admin
    assert response.status_code == 200
E   assert 401 == 200
E    +  where 401 = &lt;tests.http_client.HTTPResponse object at 0x10d01c460&gt;.status_code</failure></testcase><testcase classname="tests.integration.test_api.test_user_api.TestUserAPI" name="test_get_users_as_regular_user" time="0.056"><error message="failed on setup with &quot;app.utils.Exceptions.AuthenticationError: Invalid username/email or password&quot;">tests/conftest.py:165: in sample_token
    result = auth_service.login(
app/services/implementations/AuthServiceImpl.py:113: in login
    raise AuthenticationError("Invalid username/email or password")
E   app.utils.Exceptions.AuthenticationError: Invalid username/email or password</error></testcase><testcase classname="tests.integration.test_api.test_user_api.TestUserAPI" name="test_get_user_by_id_self" time="0.057"><error message="failed on setup with &quot;app.utils.Exceptions.AuthenticationError: Invalid username/email or password&quot;">tests/conftest.py:165: in sample_token
    result = auth_service.login(
app/services/implementations/AuthServiceImpl.py:113: in login
    raise AuthenticationError("Invalid username/email or password")
E   app.utils.Exceptions.AuthenticationError: Invalid username/email or password</error></testcase><testcase classname="tests.integration.test_api.test_user_api.TestUserAPI" name="test_update_user_self" time="0.057"><error message="failed on setup with &quot;app.utils.Exceptions.AuthenticationError: Invalid username/email or password&quot;">tests/conftest.py:165: in sample_token
    result = auth_service.login(
app/services/implementations/AuthServiceImpl.py:113: in login
    raise AuthenticationError("Invalid username/email or password")
E   app.utils.Exceptions.AuthenticationError: Invalid username/email or password</error></testcase><testcase classname="tests.integration.test_api.test_user_api.TestUserAPI" name="test_change_password" time="0.059"><error message="failed on setup with &quot;app.utils.Exceptions.AuthenticationError: Invalid username/email or password&quot;">tests/conftest.py:165: in sample_token
    result = auth_service.login(
app/services/implementations/AuthServiceImpl.py:113: in login
    raise AuthenticationError("Invalid username/email or password")
E   app.utils.Exceptions.AuthenticationError: Invalid username/email or password</error></testcase><testcase classname="tests.integration.test_api.test_user_api.TestUserAPI" name="test_create_user_as_admin" time="0.070"><failure message="assert 401 == 201&#10; +  where 401 = &lt;tests.http_client.HTTPResponse object at 0x10d064e60&gt;.status_code">tests/integration/test_api/test_user_api.py:112: in test_create_user_as_admin
    assert response.status_code == 201
E   assert 401 == 201
E    +  where 401 = &lt;tests.http_client.HTTPResponse object at 0x10d064e60&gt;.status_code</failure></testcase><testcase classname="tests.integration.test_api.test_user_api.TestUserAPI" name="test_delete_user_as_admin" time="0.075"><failure message="assert 401 == 200&#10; +  where 401 = &lt;tests.http_client.HTTPResponse object at 0x10d066530&gt;.status_code">tests/integration/test_api/test_user_api.py:126: in test_delete_user_as_admin
    assert response.status_code == 200
E   assert 401 == 200
E    +  where 401 = &lt;tests.http_client.HTTPResponse object at 0x10d066530&gt;.status_code</failure></testcase><testcase classname="tests.integration.test_api.test_user_api.TestUserAPI" name="test_verify_user_as_admin" time="0.072"><failure message="assert 401 == 200&#10; +  where 401 = &lt;tests.http_client.HTTPResponse object at 0x10d0673e0&gt;.status_code">tests/integration/test_api/test_user_api.py:139: in test_verify_user_as_admin
    assert response.status_code == 200
E   assert 401 == 200
E    +  where 401 = &lt;tests.http_client.HTTPResponse object at 0x10d0673e0&gt;.status_code</failure></testcase><testcase classname="tests.integration.test_api.test_user_api.TestUserAPI" name="test_update_user_status_as_admin" time="0.073"><failure message="assert 401 == 200&#10; +  where 401 = &lt;tests.http_client.HTTPResponse object at 0x10cda3390&gt;.status_code">tests/integration/test_api/test_user_api.py:160: in test_update_user_status_as_admin
    assert response.status_code == 200
E   assert 401 == 200
E    +  where 401 = &lt;tests.http_client.HTTPResponse object at 0x10cda3390&gt;.status_code</failure></testcase><testcase classname="tests.integration.test_api.test_user_api.TestUserAPI" name="test_get_user_permission_denied" time="0.060"><error message="failed on setup with &quot;app.utils.Exceptions.AuthenticationError: Invalid username/email or password&quot;">tests/conftest.py:165: in sample_token
    result = auth_service.login(
app/services/implementations/AuthServiceImpl.py:113: in login
    raise AuthenticationError("Invalid username/email or password")
E   app.utils.Exceptions.AuthenticationError: Invalid username/email or password</error></testcase><testcase classname="tests.integration.test_api.test_user_api.TestUserAPI" name="test_update_other_user_permission_denied" time="0.066"><error message="failed on setup with &quot;app.utils.Exceptions.AuthenticationError: Invalid username/email or password&quot;">tests/conftest.py:165: in sample_token
    result = auth_service.login(
app/services/implementations/AuthServiceImpl.py:113: in login
    raise AuthenticationError("Invalid username/email or password")
E   app.utils.Exceptions.AuthenticationError: Invalid username/email or password</error></testcase><testcase classname="tests.integration.test_api.test_user_api.TestUserAPI" name="test_create_user_as_regular_user" time="0.060"><error message="failed on setup with &quot;app.utils.Exceptions.AuthenticationError: Invalid username/email or password&quot;">tests/conftest.py:165: in sample_token
    result = auth_service.login(
app/services/implementations/AuthServiceImpl.py:113: in login
    raise AuthenticationError("Invalid username/email or password")
E   app.utils.Exceptions.AuthenticationError: Invalid username/email or password</error></testcase><testcase classname="tests.integration.test_api.test_user_api.TestUserAPI" name="test_delete_user_as_regular_user" time="0.060"><error message="failed on setup with &quot;app.utils.Exceptions.AuthenticationError: Invalid username/email or password&quot;">tests/conftest.py:165: in sample_token
    result = auth_service.login(
app/services/implementations/AuthServiceImpl.py:113: in login
    raise AuthenticationError("Invalid username/email or password")
E   app.utils.Exceptions.AuthenticationError: Invalid username/email or password</error></testcase><testcase classname="tests.integration.test_api.test_user_api.TestUserAPI" name="test_change_password_wrong_old_password" time="0.060"><error message="failed on setup with &quot;app.utils.Exceptions.AuthenticationError: Invalid username/email or password&quot;">tests/conftest.py:165: in sample_token
    result = auth_service.login(
app/services/implementations/AuthServiceImpl.py:113: in login
    raise AuthenticationError("Invalid username/email or password")
E   app.utils.Exceptions.AuthenticationError: Invalid username/email or password</error></testcase><testcase classname="tests.integration.test_api.test_user_api.TestUserAPI" name="test_change_password_weak_new_password" time="0.058"><error message="failed on setup with &quot;app.utils.Exceptions.AuthenticationError: Invalid username/email or password&quot;">tests/conftest.py:165: in sample_token
    result = auth_service.login(
app/services/implementations/AuthServiceImpl.py:113: in login
    raise AuthenticationError("Invalid username/email or password")
E   app.utils.Exceptions.AuthenticationError: Invalid username/email or password</error></testcase><testcase classname="tests.integration.test_api.test_user_api.TestUserAPI" name="test_get_users_with_filters" time="0.069"><failure message="assert 401 == 200&#10; +  where 401 = &lt;tests.http_client.HTTPResponse object at 0x10cdb0ff0&gt;.status_code">tests/integration/test_api/test_user_api.py:267: in test_get_users_with_filters
    assert response.status_code == 200
E   assert 401 == 200
E    +  where 401 = &lt;tests.http_client.HTTPResponse object at 0x10cdb0ff0&gt;.status_code</failure></testcase><testcase classname="tests.integration.test_api.test_user_api.TestUserAPI" name="test_update_user_invalid_email" time="0.056"><error message="failed on setup with &quot;app.utils.Exceptions.AuthenticationError: Invalid username/email or password&quot;">tests/conftest.py:165: in sample_token
    result = auth_service.login(
app/services/implementations/AuthServiceImpl.py:113: in login
    raise AuthenticationError("Invalid username/email or password")
E   app.utils.Exceptions.AuthenticationError: Invalid username/email or password</error></testcase><testcase classname="tests.integration.test_api.test_user_api.TestUserAPI" name="test_update_user_duplicate_email" time="0.059"><error message="failed on setup with &quot;app.utils.Exceptions.AuthenticationError: Invalid username/email or password&quot;">tests/conftest.py:165: in sample_token
    result = auth_service.login(
app/services/implementations/AuthServiceImpl.py:113: in login
    raise AuthenticationError("Invalid username/email or password")
E   app.utils.Exceptions.AuthenticationError: Invalid username/email or password</error></testcase><testcase classname="tests.integration.test_api.test_user_api.TestUserAPIEdgeCases" name="test_get_nonexistent_user" time="0.068"><failure message="assert 401 == 404&#10; +  where 401 = &lt;tests.http_client.HTTPResponse object at 0x10d09c4b0&gt;.status_code">tests/integration/test_api/test_user_api.py:318: in test_get_nonexistent_user
    assert response.status_code == 404
E   assert 401 == 404
E    +  where 401 = &lt;tests.http_client.HTTPResponse object at 0x10d09c4b0&gt;.status_code</failure></testcase><testcase classname="tests.integration.test_api.test_user_api.TestUserAPIEdgeCases" name="test_update_nonexistent_user" time="0.067"><failure message="assert 401 == 404&#10; +  where 401 = &lt;tests.http_client.HTTPResponse object at 0x10d09e1c0&gt;.status_code">tests/integration/test_api/test_user_api.py:336: in test_update_nonexistent_user
    assert response.status_code == 404
E   assert 401 == 404
E    +  where 401 = &lt;tests.http_client.HTTPResponse object at 0x10d09e1c0&gt;.status_code</failure></testcase><testcase classname="tests.integration.test_api.test_user_api.TestUserAPIEdgeCases" name="test_delete_nonexistent_user" time="0.063"><failure message="assert 401 == 404&#10; +  where 401 = &lt;tests.http_client.HTTPResponse object at 0x10d09f750&gt;.status_code">tests/integration/test_api/test_user_api.py:347: in test_delete_nonexistent_user
    assert response.status_code == 404
E   assert 401 == 404
E    +  where 401 = &lt;tests.http_client.HTTPResponse object at 0x10d09f750&gt;.status_code</failure></testcase><testcase classname="tests.integration.test_api.test_user_api.TestUserAPIEdgeCases" name="test_verify_nonexistent_user" time="0.066"><failure message="assert 401 == 404&#10; +  where 401 = &lt;tests.http_client.HTTPResponse object at 0x10d152670&gt;.status_code">tests/integration/test_api/test_user_api.py:358: in test_verify_nonexistent_user
    assert response.status_code == 404
E   assert 401 == 404
E    +  where 401 = &lt;tests.http_client.HTTPResponse object at 0x10d152670&gt;.status_code</failure></testcase><testcase classname="tests.integration.test_api.test_user_api.TestUserAPIEdgeCases" name="test_pagination_boundary_values" time="0.069"><failure message="assert 401 in [200, 400]&#10; +  where 401 = &lt;tests.http_client.HTTPResponse object at 0x10d1521c0&gt;.status_code">tests/integration/test_api/test_user_api.py:367: in test_pagination_boundary_values
    assert response.status_code in [200, 400]
E   assert 401 in [200, 400]
E    +  where 401 = &lt;tests.http_client.HTTPResponse object at 0x10d1521c0&gt;.status_code</failure></testcase><testcase classname="tests.integration.test_api.test_user_api.TestUserAPIEdgeCases" name="test_invalid_role_filter" time="0.069"><failure message="assert 401 == 400&#10; +  where 401 = &lt;tests.http_client.HTTPResponse object at 0x10d151400&gt;.status_code">tests/integration/test_api/test_user_api.py:392: in test_invalid_role_filter
    assert response.status_code == 400
E   assert 401 == 400
E    +  where 401 = &lt;tests.http_client.HTTPResponse object at 0x10d151400&gt;.status_code</failure></testcase><testcase classname="tests.integration.test_api.test_user_api.TestUserAPIEdgeCases" name="test_invalid_status_filter" time="0.072"><failure message="assert 401 == 400&#10; +  where 401 = &lt;tests.http_client.HTTPResponse object at 0x10d152440&gt;.status_code">tests/integration/test_api/test_user_api.py:406: in test_invalid_status_filter
    assert response.status_code == 400
E   assert 401 == 400
E    +  where 401 = &lt;tests.http_client.HTTPResponse object at 0x10d152440&gt;.status_code</failure></testcase><testcase classname="tests.integration.test_api.test_user_api.TestUserAPIEdgeCases" name="test_update_user_status_invalid_value" time="0.075"><failure message="assert 401 == 400&#10; +  where 401 = &lt;tests.http_client.HTTPResponse object at 0x10d153e80&gt;.status_code">tests/integration/test_api/test_user_api.py:427: in test_update_user_status_invalid_value
    assert response.status_code == 400
E   assert 401 == 400
E    +  where 401 = &lt;tests.http_client.HTTPResponse object at 0x10d153e80&gt;.status_code</failure></testcase><testcase classname="tests.integration.test_api.test_user_api.TestUserAPIEdgeCases" name="test_update_user_status_missing_value" time="0.083"><failure message="assert 401 == 400&#10; +  where 401 = &lt;tests.http_client.HTTPResponse object at 0x10d180460&gt;.status_code">tests/integration/test_api/test_user_api.py:443: in test_update_user_status_missing_value
    assert response.status_code == 400
E   assert 401 == 400
E    +  where 401 = &lt;tests.http_client.HTTPResponse object at 0x10d180460&gt;.status_code</failure></testcase><testcase classname="tests.integration.test_api.test_user_api.TestUserAPIEdgeCases" name="test_user_endpoints_without_authentication" time="0.016" /><testcase classname="tests.integration.test_api.test_user_api.TestUserAPIEdgeCases" name="test_special_characters_in_user_fields" time="0.060"><error message="failed on setup with &quot;app.utils.Exceptions.AuthenticationError: Invalid username/email or password&quot;">tests/conftest.py:165: in sample_token
    result = auth_service.login(
app/services/implementations/AuthServiceImpl.py:113: in login
    raise AuthenticationError("Invalid username/email or password")
E   app.utils.Exceptions.AuthenticationError: Invalid username/email or password</error></testcase></testsuite></testsuites>