<?xml version="1.0" encoding="utf-8"?><testsuites><testsuite name="pytest" errors="0" failures="40" skipped="0" tests="83" time="10.334" timestamp="2025-11-23T18:43:46.406345+08:00" hostname="John-MacBook-Air.local"><testcase classname="tests.integration.test_api.test_auth_api.TestAuthAPI" name="test_register_success" time="0.345"><failure message="assert 401 == 201&#10; +  where 401 = &lt;tests.http_client.HTTPResponse object at 0x10edbbe00&gt;.status_code">E   assert 401 == 201
     +  where 401 = &lt;tests.http_client.HTTPResponse object at 0x10edbbe00&gt;.status_code</failure></testcase><testcase classname="tests.integration.test_api.test_auth_api.TestAuthAPI" name="test_register_duplicate_username" time="0.065" /><testcase classname="tests.integration.test_api.test_auth_api.TestAuthAPI" name="test_login_success" time="0.155"><failure message="assert 401 == 200&#10; +  where 401 = &lt;tests.http_client.HTTPResponse object at 0x10ef70690&gt;.status_code">E   assert 401 == 200
     +  where 401 = &lt;tests.http_client.HTTPResponse object at 0x10ef70690&gt;.status_code</failure></testcase><testcase classname="tests.integration.test_api.test_auth_api.TestAuthAPI" name="test_login_invalid_password" time="0.158" /><testcase classname="tests.integration.test_api.test_auth_api.TestAuthAPI" name="test_get_current_user" time="0.128"><failure message="assert 401 == 200&#10; +  where 401 = &lt;tests.http_client.HTTPResponse object at 0x10eed6c30&gt;.status_code">E   assert 401 == 200
     +  where 401 = &lt;tests.http_client.HTTPResponse object at 0x10eed6c30&gt;.status_code</failure></testcase><testcase classname="tests.integration.test_api.test_auth_api.TestAuthAPI" name="test_get_current_user_without_token" time="0.004" /><testcase classname="tests.integration.test_api.test_auth_api.TestAuthAPI" name="test_logout_success" time="0.118"><failure message="assert 401 == 200&#10; +  where 401 = &lt;tests.http_client.HTTPResponse object at 0x10ef9d250&gt;.status_code">E   assert 401 == 200
     +  where 401 = &lt;tests.http_client.HTTPResponse object at 0x10ef9d250&gt;.status_code</failure></testcase><testcase classname="tests.integration.test_api.test_auth_api.TestAuthAPI" name="test_refresh_token_success" time="0.127"><failure message="assert 401 == 200&#10; +  where 401 = &lt;tests.http_client.HTTPResponse object at 0x10efe5040&gt;.status_code">E   assert 401 == 200
     +  where 401 = &lt;tests.http_client.HTTPResponse object at 0x10efe5040&gt;.status_code</failure></testcase><testcase classname="tests.integration.test_api.test_auth_api.TestAuthAPI" name="test_get_user_tokens" time="0.130"><failure message="assert 401 == 200&#10; +  where 401 = &lt;tests.http_client.HTTPResponse object at 0x10efcf4d0&gt;.status_code">E   assert 401 == 200
     +  where 401 = &lt;tests.http_client.HTTPResponse object at 0x10efcf4d0&gt;.status_code</failure></testcase><testcase classname="tests.integration.test_api.test_auth_api.TestAuthAPI" name="test_revoke_all_tokens" time="0.113"><failure message="assert 401 == 200&#10; +  where 401 = &lt;tests.http_client.HTTPResponse object at 0x10ef8a410&gt;.status_code">E   assert 401 == 200
     +  where 401 = &lt;tests.http_client.HTTPResponse object at 0x10ef8a410&gt;.status_code</failure></testcase><testcase classname="tests.integration.test_api.test_auth_api.TestAuthAPI" name="test_register_missing_required_fields" time="0.004" /><testcase classname="tests.integration.test_api.test_auth_api.TestAuthAPI" name="test_register_weak_password" time="0.003" /><testcase classname="tests.integration.test_api.test_auth_api.TestAuthAPI" name="test_register_invalid_email" time="0.003" /><testcase classname="tests.integration.test_api.test_auth_api.TestAuthAPI" name="test_login_with_email" time="0.174"><failure message="assert 401 == 200&#10; +  where 401 = &lt;tests.http_client.HTTPResponse object at 0x10f018940&gt;.status_code">E   assert 401 == 200
     +  where 401 = &lt;tests.http_client.HTTPResponse object at 0x10f018940&gt;.status_code</failure></testcase><testcase classname="tests.integration.test_api.test_auth_api.TestAuthAPI" name="test_login_nonexistent_user" time="0.008" /><testcase classname="tests.integration.test_api.test_auth_api.TestAuthAPI" name="test_refresh_token_invalid" time="0.005" /><testcase classname="tests.integration.test_api.test_auth_api.TestAuthAPI" name="test_refresh_token_missing" time="0.004" /><testcase classname="tests.integration.test_api.test_auth_api.TestAuthAPI" name="test_protected_endpoint_invalid_token" time="0.004" /><testcase classname="tests.integration.test_api.test_auth_api.TestAuthAPI" name="test_protected_endpoint_malformed_header" time="0.004" /><testcase classname="tests.integration.test_api.test_auth_api.TestAuthAPI" name="test_logout_without_token" time="0.004" /><testcase classname="tests.integration.test_api.test_auth_api.TestAuthAPIEdgeCases" name="test_sql_injection_in_login" time="0.008" /><testcase classname="tests.integration.test_api.test_auth_api.TestAuthAPIEdgeCases" name="test_xss_in_registration" time="0.165"><failure message="assert 401 in [201, 400]&#10; +  where 401 = &lt;tests.http_client.HTTPResponse object at 0x10f015550&gt;.status_code">E   assert 401 in [201, 400]
     +  where 401 = &lt;tests.http_client.HTTPResponse object at 0x10f015550&gt;.status_code</failure></testcase><testcase classname="tests.integration.test_api.test_auth_api.TestAuthAPIEdgeCases" name="test_multiple_rapid_login_attempts" time="0.566" /><testcase classname="tests.integration.test_api.test_auth_api.TestAuthAPIEdgeCases" name="test_very_long_username" time="0.005" /><testcase classname="tests.integration.test_api.test_auth_api.TestAuthAPIEdgeCases" name="test_unicode_in_credentials" time="0.270"><failure message="assert 401 in [201, 400]&#10; +  where 401 = &lt;tests.http_client.HTTPResponse object at 0x10f010a00&gt;.status_code">E   assert 401 in [201, 400]
     +  where 401 = &lt;tests.http_client.HTTPResponse object at 0x10f010a00&gt;.status_code</failure></testcase><testcase classname="tests.integration.test_api.test_auth_api.TestAuthAPIEdgeCases" name="test_null_byte_in_password" time="0.264"><failure message="assert 401 in [201, 400]&#10; +  where 401 = &lt;tests.http_client.HTTPResponse object at 0x10efb2f30&gt;.status_code">E   assert 401 in [201, 400]
     +  where 401 = &lt;tests.http_client.HTTPResponse object at 0x10efb2f30&gt;.status_code</failure></testcase><testcase classname="tests.integration.test_api.test_auth_api.TestAuthAPIEdgeCases" name="test_case_sensitivity_in_login" time="0.159" /><testcase classname="tests.integration.test_api.test_public_user_api.TestPublicUserAPI" name="test_list_users_default_pagination" time="0.162" /><testcase classname="tests.integration.test_api.test_public_user_api.TestPublicUserAPI" name="test_list_users_custom_pagination" time="0.213" /><testcase classname="tests.integration.test_api.test_public_user_api.TestPublicUserAPI" name="test_list_users_response_format" time="0.171" /><testcase classname="tests.integration.test_api.test_public_user_api.TestPublicUserAPI" name="test_get_single_user_success" time="0.113" /><testcase classname="tests.integration.test_api.test_public_user_api.TestPublicUserAPI" name="test_get_single_user_not_found" time="0.009" /><testcase classname="tests.integration.test_api.test_public_user_api.TestPublicUserAPI" name="test_create_user_success" time="0.169" /><testcase classname="tests.integration.test_api.test_public_user_api.TestPublicUserAPI" name="test_create_user_duplicate_email" time="0.068"><failure message="assert 500 in [400, 409]&#10; +  where 500 = &lt;tests.http_client.HTTPResponse object at 0x10f0139d0&gt;.status_code">E   assert 500 in [400, 409]
     +  where 500 = &lt;tests.http_client.HTTPResponse object at 0x10f0139d0&gt;.status_code</failure></testcase><testcase classname="tests.integration.test_api.test_public_user_api.TestPublicUserAPI" name="test_create_user_missing_required_fields" time="0.004" /><testcase classname="tests.integration.test_api.test_public_user_api.TestPublicUserAPI" name="test_create_user_invalid_email" time="0.005" /><testcase classname="tests.integration.test_api.test_public_user_api.TestPublicUserAPI" name="test_update_user_put_success" time="0.173" /><testcase classname="tests.integration.test_api.test_public_user_api.TestPublicUserAPI" name="test_update_user_patch_success" time="0.167" /><testcase classname="tests.integration.test_api.test_public_user_api.TestPublicUserAPI" name="test_update_user_not_found" time="0.008" /><testcase classname="tests.integration.test_api.test_public_user_api.TestPublicUserAPI" name="test_delete_user_success" time="0.072" /><testcase classname="tests.integration.test_api.test_public_user_api.TestPublicUserAPI" name="test_delete_user_not_found" time="0.009"><failure message="assert 204 == 404&#10; +  where 204 = &lt;tests.http_client.HTTPResponse object at 0x10f064410&gt;.status_code">E   assert 204 == 404
     +  where 204 = &lt;tests.http_client.HTTPResponse object at 0x10f064410&gt;.status_code</failure></testcase><testcase classname="tests.integration.test_api.test_public_user_api.TestPublicUserAPI" name="test_public_api_no_authentication_required" time="0.377" /><testcase classname="tests.integration.test_api.test_public_user_api.TestPublicUserAPI" name="test_public_api_response_structure" time="0.213" /><testcase classname="tests.integration.test_api.test_public_user_api.TestPublicUserAPI" name="test_avatar_url_field_mapping" time="0.224" /><testcase classname="tests.integration.test_api.test_public_user_api.TestPublicUserAPIEdgeCases" name="test_pagination_edge_case_page_zero" time="0.005" /><testcase classname="tests.integration.test_api.test_public_user_api.TestPublicUserAPIEdgeCases" name="test_pagination_edge_case_negative_page" time="0.004" /><testcase classname="tests.integration.test_api.test_public_user_api.TestPublicUserAPIEdgeCases" name="test_pagination_edge_case_large_per_page" time="0.004" /><testcase classname="tests.integration.test_api.test_public_user_api.TestPublicUserAPIEdgeCases" name="test_create_user_with_extra_fields" time="0.174" /><testcase classname="tests.integration.test_api.test_public_user_api.TestPublicUserAPIEdgeCases" name="test_update_user_empty_payload" time="0.166" /><testcase classname="tests.integration.test_api.test_public_user_api.TestPublicUserAPIEdgeCases" name="test_content_type_handling" time="0.164" /><testcase classname="tests.integration.test_api.test_public_user_api.TestPublicUserAPIEdgeCases" name="test_malformed_json" time="0.005" /><testcase classname="tests.integration.test_api.test_public_user_api.TestPublicUserAPIEdgeCases" name="test_special_characters_in_names" time="0.164" /><testcase classname="tests.integration.test_api.test_public_user_api.TestPublicUserAPIEdgeCases" name="test_unicode_in_names" time="0.167" /><testcase classname="tests.integration.test_api.test_public_user_api.TestPublicUserAPIEdgeCases" name="test_very_long_email" time="0.005" /><testcase classname="tests.integration.test_api.test_user_api.TestUserAPI" name="test_get_users_as_admin" time="0.122"><failure message="assert 401 == 200&#10; +  where 401 = &lt;tests.http_client.HTTPResponse object at 0x10eefed00&gt;.status_code">E   assert 401 == 200
     +  where 401 = &lt;tests.http_client.HTTPResponse object at 0x10eefed00&gt;.status_code</failure></testcase><testcase classname="tests.integration.test_api.test_user_api.TestUserAPI" name="test_get_users_as_regular_user" time="0.122"><failure message="assert 401 == 403&#10; +  where 401 = &lt;tests.http_client.HTTPResponse object at 0x10f066c10&gt;.status_code">E   assert 401 == 403
     +  where 401 = &lt;tests.http_client.HTTPResponse object at 0x10f066c10&gt;.status_code</failure></testcase><testcase classname="tests.integration.test_api.test_user_api.TestUserAPI" name="test_get_user_by_id_self" time="0.115"><failure message="assert 401 == 200&#10; +  where 401 = &lt;tests.http_client.HTTPResponse object at 0x10f067bb0&gt;.status_code">E   assert 401 == 200
     +  where 401 = &lt;tests.http_client.HTTPResponse object at 0x10f067bb0&gt;.status_code</failure></testcase><testcase classname="tests.integration.test_api.test_user_api.TestUserAPI" name="test_update_user_self" time="0.114"><failure message="assert 401 == 200&#10; +  where 401 = &lt;tests.http_client.HTTPResponse object at 0x10f0670c0&gt;.status_code">E   assert 401 == 200
     +  where 401 = &lt;tests.http_client.HTTPResponse object at 0x10f0670c0&gt;.status_code</failure></testcase><testcase classname="tests.integration.test_api.test_user_api.TestUserAPI" name="test_change_password" time="0.120"><failure message="assert 401 == 200&#10; +  where 401 = &lt;tests.http_client.HTTPResponse object at 0x10f0669e0&gt;.status_code">E   assert 401 == 200
     +  where 401 = &lt;tests.http_client.HTTPResponse object at 0x10f0669e0&gt;.status_code</failure></testcase><testcase classname="tests.integration.test_api.test_user_api.TestUserAPI" name="test_create_user_as_admin" time="0.119"><failure message="assert 401 == 201&#10; +  where 401 = &lt;tests.http_client.HTTPResponse object at 0x10f0b4d20&gt;.status_code">E   assert 401 == 201
     +  where 401 = &lt;tests.http_client.HTTPResponse object at 0x10f0b4d20&gt;.status_code</failure></testcase><testcase classname="tests.integration.test_api.test_user_api.TestUserAPI" name="test_delete_user_as_admin" time="0.171"><failure message="assert 401 == 200&#10; +  where 401 = &lt;tests.http_client.HTTPResponse object at 0x10f0b5950&gt;.status_code">E   assert 401 == 200
     +  where 401 = &lt;tests.http_client.HTTPResponse object at 0x10f0b5950&gt;.status_code</failure></testcase><testcase classname="tests.integration.test_api.test_user_api.TestUserAPI" name="test_verify_user_as_admin" time="0.180"><failure message="assert 401 == 200&#10; +  where 401 = &lt;tests.http_client.HTTPResponse object at 0x10ef4fa70&gt;.status_code">E   assert 401 == 200
     +  where 401 = &lt;tests.http_client.HTTPResponse object at 0x10ef4fa70&gt;.status_code</failure></testcase><testcase classname="tests.integration.test_api.test_user_api.TestUserAPI" name="test_update_user_status_as_admin" time="0.177"><failure message="assert 401 == 200&#10; +  where 401 = &lt;tests.http_client.HTTPResponse object at 0x10f067110&gt;.status_code">E   assert 401 == 200
     +  where 401 = &lt;tests.http_client.HTTPResponse object at 0x10f067110&gt;.status_code</failure></testcase><testcase classname="tests.integration.test_api.test_user_api.TestUserAPI" name="test_get_user_permission_denied" time="0.177"><failure message="assert 401 == 403&#10; +  where 401 = &lt;tests.http_client.HTTPResponse object at 0x10f0b6da0&gt;.status_code">E   assert 401 == 403
     +  where 401 = &lt;tests.http_client.HTTPResponse object at 0x10f0b6da0&gt;.status_code</failure></testcase><testcase classname="tests.integration.test_api.test_user_api.TestUserAPI" name="test_update_other_user_permission_denied" time="0.180"><failure message="assert 401 == 403&#10; +  where 401 = &lt;tests.http_client.HTTPResponse object at 0x10f0b4c30&gt;.status_code">E   assert 401 == 403
     +  where 401 = &lt;tests.http_client.HTTPResponse object at 0x10f0b4c30&gt;.status_code</failure></testcase><testcase classname="tests.integration.test_api.test_user_api.TestUserAPI" name="test_create_user_as_regular_user" time="0.123"><failure message="assert 401 == 403&#10; +  where 401 = &lt;tests.http_client.HTTPResponse object at 0x10f0b7ca0&gt;.status_code">E   assert 401 == 403
     +  where 401 = &lt;tests.http_client.HTTPResponse object at 0x10f0b7ca0&gt;.status_code</failure></testcase><testcase classname="tests.integration.test_api.test_user_api.TestUserAPI" name="test_delete_user_as_regular_user" time="0.122"><failure message="assert 401 == 403&#10; +  where 401 = &lt;tests.http_client.HTTPResponse object at 0x10f0b49b0&gt;.status_code">E   assert 401 == 403
     +  where 401 = &lt;tests.http_client.HTTPResponse object at 0x10f0b49b0&gt;.status_code</failure></testcase><testcase classname="tests.integration.test_api.test_user_api.TestUserAPI" name="test_change_password_wrong_old_password" time="0.124" /><testcase classname="tests.integration.test_api.test_user_api.TestUserAPI" name="test_change_password_weak_new_password" time="0.128"><failure message="assert 401 == 400&#10; +  where 401 = &lt;tests.http_client.HTTPResponse object at 0x10f0651d0&gt;.status_code">E   assert 401 == 400
     +  where 401 = &lt;tests.http_client.HTTPResponse object at 0x10f0651d0&gt;.status_code</failure></testcase><testcase classname="tests.integration.test_api.test_user_api.TestUserAPI" name="test_get_users_with_filters" time="0.121"><failure message="assert 401 == 200&#10; +  where 401 = &lt;tests.http_client.HTTPResponse object at 0x10f0f0f00&gt;.status_code">E   assert 401 == 200
     +  where 401 = &lt;tests.http_client.HTTPResponse object at 0x10f0f0f00&gt;.status_code</failure></testcase><testcase classname="tests.integration.test_api.test_user_api.TestUserAPI" name="test_update_user_invalid_email" time="0.121"><failure message="assert 401 == 400&#10; +  where 401 = &lt;tests.http_client.HTTPResponse object at 0x10f0670c0&gt;.status_code">E   assert 401 == 400
     +  where 401 = &lt;tests.http_client.HTTPResponse object at 0x10f0670c0&gt;.status_code</failure></testcase><testcase classname="tests.integration.test_api.test_user_api.TestUserAPI" name="test_update_user_duplicate_email" time="0.170"><failure message="assert 401 in [400, 409]&#10; +  where 401 = &lt;tests.http_client.HTTPResponse object at 0x10f0b7c00&gt;.status_code">E   assert 401 in [400, 409]
     +  where 401 = &lt;tests.http_client.HTTPResponse object at 0x10f0b7c00&gt;.status_code</failure></testcase><testcase classname="tests.integration.test_api.test_user_api.TestUserAPIEdgeCases" name="test_get_nonexistent_user" time="0.120"><failure message="assert 401 == 404&#10; +  where 401 = &lt;tests.http_client.HTTPResponse object at 0x10f0b7250&gt;.status_code">E   assert 401 == 404
     +  where 401 = &lt;tests.http_client.HTTPResponse object at 0x10f0b7250&gt;.status_code</failure></testcase><testcase classname="tests.integration.test_api.test_user_api.TestUserAPIEdgeCases" name="test_update_nonexistent_user" time="0.122"><failure message="assert 401 == 404&#10; +  where 401 = &lt;tests.http_client.HTTPResponse object at 0x10f0f24e0&gt;.status_code">E   assert 401 == 404
     +  where 401 = &lt;tests.http_client.HTTPResponse object at 0x10f0f24e0&gt;.status_code</failure></testcase><testcase classname="tests.integration.test_api.test_user_api.TestUserAPIEdgeCases" name="test_delete_nonexistent_user" time="0.118"><failure message="assert 401 == 404&#10; +  where 401 = &lt;tests.http_client.HTTPResponse object at 0x10efb3a20&gt;.status_code">E   assert 401 == 404
     +  where 401 = &lt;tests.http_client.HTTPResponse object at 0x10efb3a20&gt;.status_code</failure></testcase><testcase classname="tests.integration.test_api.test_user_api.TestUserAPIEdgeCases" name="test_verify_nonexistent_user" time="0.123"><failure message="assert 401 == 404&#10; +  where 401 = &lt;tests.http_client.HTTPResponse object at 0x10f0b4a50&gt;.status_code">E   assert 401 == 404
     +  where 401 = &lt;tests.http_client.HTTPResponse object at 0x10f0b4a50&gt;.status_code</failure></testcase><testcase classname="tests.integration.test_api.test_user_api.TestUserAPIEdgeCases" name="test_pagination_boundary_values" time="0.127"><failure message="assert 401 in [200, 400]&#10; +  where 401 = &lt;tests.http_client.HTTPResponse object at 0x10f067fc0&gt;.status_code">E   assert 401 in [200, 400]
     +  where 401 = &lt;tests.http_client.HTTPResponse object at 0x10f067fc0&gt;.status_code</failure></testcase><testcase classname="tests.integration.test_api.test_user_api.TestUserAPIEdgeCases" name="test_invalid_role_filter" time="0.122"><failure message="assert 401 == 400&#10; +  where 401 = &lt;tests.http_client.HTTPResponse object at 0x10eefc960&gt;.status_code">E   assert 401 == 400
     +  where 401 = &lt;tests.http_client.HTTPResponse object at 0x10eefc960&gt;.status_code</failure></testcase><testcase classname="tests.integration.test_api.test_user_api.TestUserAPIEdgeCases" name="test_invalid_status_filter" time="0.122"><failure message="assert 401 == 400&#10; +  where 401 = &lt;tests.http_client.HTTPResponse object at 0x10f0f1e00&gt;.status_code">E   assert 401 == 400
     +  where 401 = &lt;tests.http_client.HTTPResponse object at 0x10f0f1e00&gt;.status_code</failure></testcase><testcase classname="tests.integration.test_api.test_user_api.TestUserAPIEdgeCases" name="test_update_user_status_invalid_value" time="0.170"><failure message="assert 401 == 400&#10; +  where 401 = &lt;tests.http_client.HTTPResponse object at 0x10f065810&gt;.status_code">E   assert 401 == 400
     +  where 401 = &lt;tests.http_client.HTTPResponse object at 0x10f065810&gt;.status_code</failure></testcase><testcase classname="tests.integration.test_api.test_user_api.TestUserAPIEdgeCases" name="test_update_user_status_missing_value" time="0.175"><failure message="assert 401 == 400&#10; +  where 401 = &lt;tests.http_client.HTTPResponse object at 0x10f0f1720&gt;.status_code">E   assert 401 == 400
     +  where 401 = &lt;tests.http_client.HTTPResponse object at 0x10f0f1720&gt;.status_code</failure></testcase><testcase classname="tests.integration.test_api.test_user_api.TestUserAPIEdgeCases" name="test_user_endpoints_without_authentication" time="0.063" /><testcase classname="tests.integration.test_api.test_user_api.TestUserAPIEdgeCases" name="test_special_characters_in_user_fields" time="0.127"><failure message="assert 401 in [200, 400]&#10; +  where 401 = &lt;tests.http_client.HTTPResponse object at 0x10f0b7660&gt;.status_code">E   assert 401 in [200, 400]
     +  where 401 = &lt;tests.http_client.HTTPResponse object at 0x10f0b7660&gt;.status_code</failure></testcase></testsuite></testsuites>