<?xml version="1.0" encoding="utf-8"?><testsuites><testsuite name="pytest" errors="0" failures="61" skipped="0" tests="83" time="71.788" timestamp="2025-11-23T13:16:24.360227+08:00" hostname="John-MacBook-Air.local"><testcase classname="tests.integration.test_api.test_auth_api.TestAuthAPI" name="test_register_success" time="0.274"><failure message="assert 503 == 201&#10; +  where 503 = &lt;tests.http_client.HTTPResponse object at 0x10ac73e00&gt;.status_code">tests/integration/test_api/test_auth_api.py:31: in test_register_success
    assert response.status_code == 201
E   assert 503 == 201
E    +  where 503 = &lt;tests.http_client.HTTPResponse object at 0x10ac73e00&gt;.status_code</failure></testcase><testcase classname="tests.integration.test_api.test_auth_api.TestAuthAPI" name="test_register_duplicate_username" time="0.179"><failure message="assert 503 == 409&#10; +  where 503 = &lt;tests.http_client.HTTPResponse object at 0x10adbb9d0&gt;.status_code">tests/integration/test_api/test_auth_api.py:55: in test_register_duplicate_username
    assert response.status_code == 409
E   assert 503 == 409
E    +  where 503 = &lt;tests.http_client.HTTPResponse object at 0x10adbb9d0&gt;.status_code</failure></testcase><testcase classname="tests.integration.test_api.test_auth_api.TestAuthAPI" name="test_login_success" time="1.856"><failure message="assert 503 == 200&#10; +  where 503 = &lt;tests.http_client.HTTPResponse object at 0x10ae51590&gt;.status_code">tests/integration/test_api/test_auth_api.py:75: in test_login_success
    assert response.status_code == 200
E   assert 503 == 200
E    +  where 503 = &lt;tests.http_client.HTTPResponse object at 0x10ae51590&gt;.status_code</failure></testcase><testcase classname="tests.integration.test_api.test_auth_api.TestAuthAPI" name="test_login_invalid_password" time="0.104"><failure message="assert 503 == 401&#10; +  where 503 = &lt;tests.http_client.HTTPResponse object at 0x10adb7490&gt;.status_code">tests/integration/test_api/test_auth_api.py:98: in test_login_invalid_password
    assert response.status_code == 401
E   assert 503 == 401
E    +  where 503 = &lt;tests.http_client.HTTPResponse object at 0x10adb7490&gt;.status_code</failure></testcase><testcase classname="tests.integration.test_api.test_auth_api.TestAuthAPI" name="test_get_current_user" time="1.899"><failure message="assert 401 == 200&#10; +  where 401 = &lt;tests.http_client.HTTPResponse object at 0x10aeafad0&gt;.status_code">tests/integration/test_api/test_auth_api.py:111: in test_get_current_user
    assert response.status_code == 200
E   assert 401 == 200
E    +  where 401 = &lt;tests.http_client.HTTPResponse object at 0x10aeafad0&gt;.status_code</failure></testcase><testcase classname="tests.integration.test_api.test_auth_api.TestAuthAPI" name="test_get_current_user_without_token" time="0.020" /><testcase classname="tests.integration.test_api.test_auth_api.TestAuthAPI" name="test_logout_success" time="1.928"><failure message="assert 401 == 200&#10; +  where 401 = &lt;tests.http_client.HTTPResponse object at 0x10aeb2e50&gt;.status_code">tests/integration/test_api/test_auth_api.py:135: in test_logout_success
    assert response.status_code == 200
E   assert 401 == 200
E    +  where 401 = &lt;tests.http_client.HTTPResponse object at 0x10aeb2e50&gt;.status_code</failure></testcase><testcase classname="tests.integration.test_api.test_auth_api.TestAuthAPI" name="test_refresh_token_success" time="1.926"><failure message="assert 503 == 200&#10; +  where 503 = &lt;tests.http_client.HTTPResponse object at 0x10af1a120&gt;.status_code">tests/integration/test_api/test_auth_api.py:154: in test_refresh_token_success
    assert response.status_code == 200
E   assert 503 == 200
E    +  where 503 = &lt;tests.http_client.HTTPResponse object at 0x10af1a120&gt;.status_code</failure></testcase><testcase classname="tests.integration.test_api.test_auth_api.TestAuthAPI" name="test_get_user_tokens" time="1.925"><failure message="assert 401 == 200&#10; +  where 401 = &lt;tests.http_client.HTTPResponse object at 0x10aefb150&gt;.status_code">tests/integration/test_api/test_auth_api.py:168: in test_get_user_tokens
    assert response.status_code == 200
E   assert 401 == 200
E    +  where 401 = &lt;tests.http_client.HTTPResponse object at 0x10aefb150&gt;.status_code</failure></testcase><testcase classname="tests.integration.test_api.test_auth_api.TestAuthAPI" name="test_revoke_all_tokens" time="1.934"><failure message="assert 401 == 200&#10; +  where 401 = &lt;tests.http_client.HTTPResponse object at 0x10af293d0&gt;.status_code">tests/integration/test_api/test_auth_api.py:183: in test_revoke_all_tokens
    assert response.status_code == 200
E   assert 401 == 200
E    +  where 401 = &lt;tests.http_client.HTTPResponse object at 0x10af293d0&gt;.status_code</failure></testcase><testcase classname="tests.integration.test_api.test_auth_api.TestAuthAPI" name="test_register_missing_required_fields" time="0.013" /><testcase classname="tests.integration.test_api.test_auth_api.TestAuthAPI" name="test_register_weak_password" time="0.012" /><testcase classname="tests.integration.test_api.test_auth_api.TestAuthAPI" name="test_register_invalid_email" time="0.011" /><testcase classname="tests.integration.test_api.test_auth_api.TestAuthAPI" name="test_login_with_email" time="0.024"><failure message="assert 503 == 200&#10; +  where 503 = &lt;tests.http_client.HTTPResponse object at 0x10af02af0&gt;.status_code">tests/integration/test_api/test_auth_api.py:260: in test_login_with_email
    assert response.status_code == 200
E   assert 503 == 200
E    +  where 503 = &lt;tests.http_client.HTTPResponse object at 0x10af02af0&gt;.status_code</failure></testcase><testcase classname="tests.integration.test_api.test_auth_api.TestAuthAPI" name="test_login_nonexistent_user" time="0.016"><failure message="assert 503 == 401&#10; +  where 503 = &lt;tests.http_client.HTTPResponse object at 0x10aebb4d0&gt;.status_code">tests/integration/test_api/test_auth_api.py:281: in test_login_nonexistent_user
    assert response.status_code == 401
E   assert 503 == 401
E    +  where 503 = &lt;tests.http_client.HTTPResponse object at 0x10aebb4d0&gt;.status_code</failure></testcase><testcase classname="tests.integration.test_api.test_auth_api.TestAuthAPI" name="test_refresh_token_invalid" time="1.831"><failure message="assert 503 in [401, 400]&#10; +  where 503 = &lt;tests.http_client.HTTPResponse object at 0x10aebbcf0&gt;.status_code">tests/integration/test_api/test_auth_api.py:298: in test_refresh_token_invalid
    assert response.status_code in [401, 400]
E   assert 503 in [401, 400]
E    +  where 503 = &lt;tests.http_client.HTTPResponse object at 0x10aebbcf0&gt;.status_code</failure></testcase><testcase classname="tests.integration.test_api.test_auth_api.TestAuthAPI" name="test_refresh_token_missing" time="0.023" /><testcase classname="tests.integration.test_api.test_auth_api.TestAuthAPI" name="test_protected_endpoint_invalid_token" time="1.833" /><testcase classname="tests.integration.test_api.test_auth_api.TestAuthAPI" name="test_protected_endpoint_malformed_header" time="0.021" /><testcase classname="tests.integration.test_api.test_auth_api.TestAuthAPI" name="test_logout_without_token" time="0.015" /><testcase classname="tests.integration.test_api.test_auth_api.TestAuthAPIEdgeCases" name="test_sql_injection_in_login" time="0.019"><failure message="assert 503 == 401&#10; +  where 503 = &lt;tests.http_client.HTTPResponse object at 0x10ae83c40&gt;.status_code">tests/integration/test_api/test_auth_api.py:375: in test_sql_injection_in_login
    assert response.status_code == 401  # Should fail, not succeed
E   assert 503 == 401
E    +  where 503 = &lt;tests.http_client.HTTPResponse object at 0x10ae83c40&gt;.status_code</failure></testcase><testcase classname="tests.integration.test_api.test_auth_api.TestAuthAPIEdgeCases" name="test_xss_in_registration" time="0.015"><failure message="assert 503 in [201, 400]&#10; +  where 503 = &lt;tests.http_client.HTTPResponse object at 0x10aed6ed0&gt;.status_code">tests/integration/test_api/test_auth_api.py:396: in test_xss_in_registration
    assert response.status_code in [201, 400]
E   assert 503 in [201, 400]
E    +  where 503 = &lt;tests.http_client.HTTPResponse object at 0x10aed6ed0&gt;.status_code</failure></testcase><testcase classname="tests.integration.test_api.test_auth_api.TestAuthAPIEdgeCases" name="test_multiple_rapid_login_attempts" time="0.388"><failure message="assert 503 in [401, 429]&#10; +  where 503 = &lt;tests.http_client.HTTPResponse object at 0x10afaf650&gt;.status_code">tests/integration/test_api/test_auth_api.py:418: in test_multiple_rapid_login_attempts
    assert response.status_code in [401, 429]  # 429 = Too Many Requests
E   assert 503 in [401, 429]
E    +  where 503 = &lt;tests.http_client.HTTPResponse object at 0x10afaf650&gt;.status_code</failure></testcase><testcase classname="tests.integration.test_api.test_auth_api.TestAuthAPIEdgeCases" name="test_very_long_username" time="0.009" /><testcase classname="tests.integration.test_api.test_auth_api.TestAuthAPIEdgeCases" name="test_unicode_in_credentials" time="0.143"><failure message="assert 503 in [201, 400]&#10; +  where 503 = &lt;tests.http_client.HTTPResponse object at 0x10afd0690&gt;.status_code">tests/integration/test_api/test_auth_api.py:456: in test_unicode_in_credentials
    assert response.status_code in [201, 400]
E   assert 503 in [201, 400]
E    +  where 503 = &lt;tests.http_client.HTTPResponse object at 0x10afd0690&gt;.status_code</failure></testcase><testcase classname="tests.integration.test_api.test_auth_api.TestAuthAPIEdgeCases" name="test_null_byte_in_password" time="0.159"><failure message="assert 503 in [201, 400]&#10; +  where 503 = &lt;tests.http_client.HTTPResponse object at 0x10afd2d00&gt;.status_code">tests/integration/test_api/test_auth_api.py:475: in test_null_byte_in_password
    assert response.status_code in [201, 400]
E   assert 503 in [201, 400]
E    +  where 503 = &lt;tests.http_client.HTTPResponse object at 0x10afd2d00&gt;.status_code</failure></testcase><testcase classname="tests.integration.test_api.test_auth_api.TestAuthAPIEdgeCases" name="test_case_sensitivity_in_login" time="0.076"><failure message="assert 503 in [200, 401]&#10; +  where 503 = &lt;tests.http_client.HTTPResponse object at 0x10afd1720&gt;.status_code">tests/integration/test_api/test_auth_api.py:492: in test_case_sensitivity_in_login
    assert response.status_code in [200, 401]
E   assert 503 in [200, 401]
E    +  where 503 = &lt;tests.http_client.HTTPResponse object at 0x10afd1720&gt;.status_code</failure></testcase><testcase classname="tests.integration.test_api.test_public_user_api.TestPublicUserAPI" name="test_list_users_default_pagination" time="0.013"><failure message="assert 500 == 200&#10; +  where 500 = &lt;tests.http_client.HTTPResponse object at 0x10afd2580&gt;.status_code">tests/integration/test_api/test_public_user_api.py:18: in test_list_users_default_pagination
    assert response.status_code == 200
E   assert 500 == 200
E    +  where 500 = &lt;tests.http_client.HTTPResponse object at 0x10afd2580&gt;.status_code</failure></testcase><testcase classname="tests.integration.test_api.test_public_user_api.TestPublicUserAPI" name="test_list_users_custom_pagination" time="0.015"><failure message="assert 500 == 200&#10; +  where 500 = &lt;tests.http_client.HTTPResponse object at 0x10b01a030&gt;.status_code">tests/integration/test_api/test_public_user_api.py:34: in test_list_users_custom_pagination
    assert response.status_code == 200
E   assert 500 == 200
E    +  where 500 = &lt;tests.http_client.HTTPResponse object at 0x10b01a030&gt;.status_code</failure></testcase><testcase classname="tests.integration.test_api.test_public_user_api.TestPublicUserAPI" name="test_list_users_response_format" time="0.013"><failure message="assert 500 == 200&#10; +  where 500 = &lt;tests.http_client.HTTPResponse object at 0x10b01aee0&gt;.status_code">tests/integration/test_api/test_public_user_api.py:46: in test_list_users_response_format
    assert response.status_code == 200
E   assert 500 == 200
E    +  where 500 = &lt;tests.http_client.HTTPResponse object at 0x10b01aee0&gt;.status_code</failure></testcase><testcase classname="tests.integration.test_api.test_public_user_api.TestPublicUserAPI" name="test_get_single_user_success" time="0.014"><failure message="assert 500 == 200&#10; +  where 500 = &lt;tests.http_client.HTTPResponse object at 0x10b01bed0&gt;.status_code">tests/integration/test_api/test_public_user_api.py:68: in test_get_single_user_success
    assert response.status_code == 200
E   assert 500 == 200
E    +  where 500 = &lt;tests.http_client.HTTPResponse object at 0x10b01bed0&gt;.status_code</failure></testcase><testcase classname="tests.integration.test_api.test_public_user_api.TestPublicUserAPI" name="test_get_single_user_not_found" time="0.010" /><testcase classname="tests.integration.test_api.test_public_user_api.TestPublicUserAPI" name="test_create_user_success" time="0.007"><failure message="assert 500 == 201&#10; +  where 500 = &lt;tests.http_client.HTTPResponse object at 0x10b0542d0&gt;.status_code">tests/integration/test_api/test_public_user_api.py:103: in test_create_user_success
    assert response.status_code == 201
E   assert 500 == 201
E    +  where 500 = &lt;tests.http_client.HTTPResponse object at 0x10b0542d0&gt;.status_code</failure></testcase><testcase classname="tests.integration.test_api.test_public_user_api.TestPublicUserAPI" name="test_create_user_duplicate_email" time="0.011"><failure message="assert 500 in [400, 409]&#10; +  where 500 = &lt;tests.http_client.HTTPResponse object at 0x10b054dc0&gt;.status_code">tests/integration/test_api/test_public_user_api.py:128: in test_create_user_duplicate_email
    assert response.status_code in [400, 409]  # Bad request or conflict
E   assert 500 in [400, 409]
E    +  where 500 = &lt;tests.http_client.HTTPResponse object at 0x10b054dc0&gt;.status_code</failure></testcase><testcase classname="tests.integration.test_api.test_public_user_api.TestPublicUserAPI" name="test_create_user_missing_required_fields" time="0.008" /><testcase classname="tests.integration.test_api.test_public_user_api.TestPublicUserAPI" name="test_create_user_invalid_email" time="0.007" /><testcase classname="tests.integration.test_api.test_public_user_api.TestPublicUserAPI" name="test_update_user_put_success" time="0.010"><failure message="assert 500 == 200&#10; +  where 500 = &lt;tests.http_client.HTTPResponse object at 0x10b0563a0&gt;.status_code">tests/integration/test_api/test_public_user_api.py:185: in test_update_user_put_success
    assert response.status_code == 200
E   assert 500 == 200
E    +  where 500 = &lt;tests.http_client.HTTPResponse object at 0x10b0563a0&gt;.status_code</failure></testcase><testcase classname="tests.integration.test_api.test_public_user_api.TestPublicUserAPI" name="test_update_user_patch_success" time="0.012"><failure message="assert 500 == 200&#10; +  where 500 = &lt;tests.http_client.HTTPResponse object at 0x10b057c50&gt;.status_code">tests/integration/test_api/test_public_user_api.py:207: in test_update_user_patch_success
    assert response.status_code == 200
E   assert 500 == 200
E    +  where 500 = &lt;tests.http_client.HTTPResponse object at 0x10b057c50&gt;.status_code</failure></testcase><testcase classname="tests.integration.test_api.test_public_user_api.TestPublicUserAPI" name="test_update_user_not_found" time="0.009"><failure message="assert 500 == 404&#10; +  where 500 = &lt;tests.http_client.HTTPResponse object at 0x10b0d3570&gt;.status_code">tests/integration/test_api/test_public_user_api.py:227: in test_update_user_not_found
    assert response.status_code == 404
E   assert 500 == 404
E    +  where 500 = &lt;tests.http_client.HTTPResponse object at 0x10b0d3570&gt;.status_code</failure></testcase><testcase classname="tests.integration.test_api.test_public_user_api.TestPublicUserAPI" name="test_delete_user_success" time="0.017"><failure message="assert 500 == 204&#10; +  where 500 = &lt;tests.http_client.HTTPResponse object at 0x10b0d05a0&gt;.status_code">tests/integration/test_api/test_public_user_api.py:235: in test_delete_user_success
    assert response.status_code == 204
E   assert 500 == 204
E    +  where 500 = &lt;tests.http_client.HTTPResponse object at 0x10b0d05a0&gt;.status_code</failure></testcase><testcase classname="tests.integration.test_api.test_public_user_api.TestPublicUserAPI" name="test_delete_user_not_found" time="0.010"><failure message="assert 500 == 404&#10; +  where 500 = &lt;tests.http_client.HTTPResponse object at 0x10b0d1220&gt;.status_code">tests/integration/test_api/test_public_user_api.py:248: in test_delete_user_not_found
    assert response.status_code == 404
E   assert 500 == 404
E    +  where 500 = &lt;tests.http_client.HTTPResponse object at 0x10b0d1220&gt;.status_code</failure></testcase><testcase classname="tests.integration.test_api.test_public_user_api.TestPublicUserAPI" name="test_public_api_no_authentication_required" time="0.012"><failure message="assert 500 == 200&#10; +  where 500 = &lt;tests.http_client.HTTPResponse object at 0x10b0d2350&gt;.status_code">tests/integration/test_api/test_public_user_api.py:254: in test_public_api_no_authentication_required
    assert response.status_code == 200
E   assert 500 == 200
E    +  where 500 = &lt;tests.http_client.HTTPResponse object at 0x10b0d2350&gt;.status_code</failure></testcase><testcase classname="tests.integration.test_api.test_public_user_api.TestPublicUserAPI" name="test_public_api_response_structure" time="0.011"><failure message="AssertionError: assert 'data' in {'error': 'Failed to communicate with repository service: Expecting value: line 1 column 1 (char 0)'}">tests/integration/test_api/test_public_user_api.py:278: in test_public_api_response_structure
    assert 'data' in list_data
E   AssertionError: assert 'data' in {'error': 'Failed to communicate with repository service: Expecting value: line 1 column 1 (char 0)'}</failure></testcase><testcase classname="tests.integration.test_api.test_public_user_api.TestPublicUserAPI" name="test_avatar_url_field_mapping" time="0.010"><failure message="assert 500 == 201&#10; +  where 500 = &lt;tests.http_client.HTTPResponse object at 0x10b0d4640&gt;.status_code">tests/integration/test_api/test_public_user_api.py:304: in test_avatar_url_field_mapping
    assert response.status_code == 201
E   assert 500 == 201
E    +  where 500 = &lt;tests.http_client.HTTPResponse object at 0x10b0d4640&gt;.status_code</failure></testcase><testcase classname="tests.integration.test_api.test_public_user_api.TestPublicUserAPIEdgeCases" name="test_pagination_edge_case_page_zero" time="0.008" /><testcase classname="tests.integration.test_api.test_public_user_api.TestPublicUserAPIEdgeCases" name="test_pagination_edge_case_negative_page" time="0.007" /><testcase classname="tests.integration.test_api.test_public_user_api.TestPublicUserAPIEdgeCases" name="test_pagination_edge_case_large_per_page" time="0.007" /><testcase classname="tests.integration.test_api.test_public_user_api.TestPublicUserAPIEdgeCases" name="test_create_user_with_extra_fields" time="0.007" /><testcase classname="tests.integration.test_api.test_public_user_api.TestPublicUserAPIEdgeCases" name="test_update_user_empty_payload" time="0.010"><failure message="assert 500 in [200, 400, 404]&#10; +  where 500 = &lt;tests.http_client.HTTPResponse object at 0x10b0d59f0&gt;.status_code">tests/integration/test_api/test_public_user_api.py:358: in test_update_user_empty_payload
    assert response.status_code in [200, 400, 404]
E   assert 500 in [200, 400, 404]
E    +  where 500 = &lt;tests.http_client.HTTPResponse object at 0x10b0d59f0&gt;.status_code</failure></testcase><testcase classname="tests.integration.test_api.test_public_user_api.TestPublicUserAPIEdgeCases" name="test_content_type_handling" time="0.007"><failure message="assert 500 in [201, 400, 415]&#10; +  where 500 = &lt;tests.http_client.HTTPResponse object at 0x10b0d67b0&gt;.status_code">tests/integration/test_api/test_public_user_api.py:375: in test_content_type_handling
    assert response.status_code in [201, 400, 415]
E   assert 500 in [201, 400, 415]
E    +  where 500 = &lt;tests.http_client.HTTPResponse object at 0x10b0d67b0&gt;.status_code</failure></testcase><testcase classname="tests.integration.test_api.test_public_user_api.TestPublicUserAPIEdgeCases" name="test_malformed_json" time="0.008" /><testcase classname="tests.integration.test_api.test_public_user_api.TestPublicUserAPIEdgeCases" name="test_special_characters_in_names" time="0.009" /><testcase classname="tests.integration.test_api.test_public_user_api.TestPublicUserAPIEdgeCases" name="test_unicode_in_names" time="0.009" /><testcase classname="tests.integration.test_api.test_public_user_api.TestPublicUserAPIEdgeCases" name="test_very_long_email" time="0.007" /><testcase classname="tests.integration.test_api.test_user_api.TestUserAPI" name="test_get_users_as_admin" time="1.895"><failure message="assert 401 == 200&#10; +  where 401 = &lt;tests.http_client.HTTPResponse object at 0x10b104140&gt;.status_code">tests/integration/test_api/test_user_api.py:21: in test_get_users_as_admin
    assert response.status_code == 200
E   assert 401 == 200
E    +  where 401 = &lt;tests.http_client.HTTPResponse object at 0x10b104140&gt;.status_code</failure></testcase><testcase classname="tests.integration.test_api.test_user_api.TestUserAPI" name="test_get_users_as_regular_user" time="1.920"><failure message="assert 401 == 403&#10; +  where 401 = &lt;tests.http_client.HTTPResponse object at 0x10b0d7e80&gt;.status_code">tests/integration/test_api/test_user_api.py:36: in test_get_users_as_regular_user
    assert response.status_code == 403
E   assert 401 == 403
E    +  where 401 = &lt;tests.http_client.HTTPResponse object at 0x10b0d7e80&gt;.status_code</failure></testcase><testcase classname="tests.integration.test_api.test_user_api.TestUserAPI" name="test_get_user_by_id_self" time="1.922"><failure message="assert 401 == 200&#10; +  where 401 = &lt;tests.http_client.HTTPResponse object at 0x10b1672f0&gt;.status_code">tests/integration/test_api/test_user_api.py:47: in test_get_user_by_id_self
    assert response.status_code == 200
E   assert 401 == 200
E    +  where 401 = &lt;tests.http_client.HTTPResponse object at 0x10b1672f0&gt;.status_code</failure></testcase><testcase classname="tests.integration.test_api.test_user_api.TestUserAPI" name="test_update_user_self" time="1.934"><failure message="assert 401 == 200&#10; +  where 401 = &lt;tests.http_client.HTTPResponse object at 0x10b164d20&gt;.status_code">tests/integration/test_api/test_user_api.py:68: in test_update_user_self
    assert response.status_code == 200
E   assert 401 == 200
E    +  where 401 = &lt;tests.http_client.HTTPResponse object at 0x10b164d20&gt;.status_code</failure></testcase><testcase classname="tests.integration.test_api.test_user_api.TestUserAPI" name="test_change_password" time="1.930"><failure message="assert 401 == 200&#10; +  where 401 = &lt;tests.http_client.HTTPResponse object at 0x10b165f90&gt;.status_code">tests/integration/test_api/test_user_api.py:89: in test_change_password
    assert response.status_code == 200
E   assert 401 == 200
E    +  where 401 = &lt;tests.http_client.HTTPResponse object at 0x10b165f90&gt;.status_code</failure></testcase><testcase classname="tests.integration.test_api.test_user_api.TestUserAPI" name="test_create_user_as_admin" time="1.911"><failure message="assert 401 == 201&#10; +  where 401 = &lt;tests.http_client.HTTPResponse object at 0x10b166a30&gt;.status_code">tests/integration/test_api/test_user_api.py:112: in test_create_user_as_admin
    assert response.status_code == 201
E   assert 401 == 201
E    +  where 401 = &lt;tests.http_client.HTTPResponse object at 0x10b166a30&gt;.status_code</failure></testcase><testcase classname="tests.integration.test_api.test_user_api.TestUserAPI" name="test_delete_user_as_admin" time="1.927"><failure message="assert 401 == 200&#10; +  where 401 = &lt;tests.http_client.HTTPResponse object at 0x10b1d3480&gt;.status_code">tests/integration/test_api/test_user_api.py:126: in test_delete_user_as_admin
    assert response.status_code == 200
E   assert 401 == 200
E    +  where 401 = &lt;tests.http_client.HTTPResponse object at 0x10b1d3480&gt;.status_code</failure></testcase><testcase classname="tests.integration.test_api.test_user_api.TestUserAPI" name="test_verify_user_as_admin" time="1.929"><failure message="assert 401 == 200&#10; +  where 401 = &lt;tests.http_client.HTTPResponse object at 0x10b1d0780&gt;.status_code">tests/integration/test_api/test_user_api.py:139: in test_verify_user_as_admin
    assert response.status_code == 200
E   assert 401 == 200
E    +  where 401 = &lt;tests.http_client.HTTPResponse object at 0x10b1d0780&gt;.status_code</failure></testcase><testcase classname="tests.integration.test_api.test_user_api.TestUserAPI" name="test_update_user_status_as_admin" time="1.928"><failure message="assert 401 == 200&#10; +  where 401 = &lt;tests.http_client.HTTPResponse object at 0x10adcc3c0&gt;.status_code">tests/integration/test_api/test_user_api.py:160: in test_update_user_status_as_admin
    assert response.status_code == 200
E   assert 401 == 200
E    +  where 401 = &lt;tests.http_client.HTTPResponse object at 0x10adcc3c0&gt;.status_code</failure></testcase><testcase classname="tests.integration.test_api.test_user_api.TestUserAPI" name="test_get_user_permission_denied" time="1.926"><failure message="assert 401 == 403&#10; +  where 401 = &lt;tests.http_client.HTTPResponse object at 0x10b1d2580&gt;.status_code">tests/integration/test_api/test_user_api.py:173: in test_get_user_permission_denied
    assert response.status_code == 403
E   assert 401 == 403
E    +  where 401 = &lt;tests.http_client.HTTPResponse object at 0x10b1d2580&gt;.status_code</failure></testcase><testcase classname="tests.integration.test_api.test_user_api.TestUserAPI" name="test_update_other_user_permission_denied" time="1.934"><failure message="assert 401 == 403&#10; +  where 401 = &lt;tests.http_client.HTTPResponse object at 0x10b1fb200&gt;.status_code">tests/integration/test_api/test_user_api.py:190: in test_update_other_user_permission_denied
    assert response.status_code == 403
E   assert 401 == 403
E    +  where 401 = &lt;tests.http_client.HTTPResponse object at 0x10b1fb200&gt;.status_code</failure></testcase><testcase classname="tests.integration.test_api.test_user_api.TestUserAPI" name="test_create_user_as_regular_user" time="1.916"><failure message="assert 401 == 403&#10; +  where 401 = &lt;tests.http_client.HTTPResponse object at 0x10b1fbcf0&gt;.status_code">tests/integration/test_api/test_user_api.py:209: in test_create_user_as_regular_user
    assert response.status_code == 403
E   assert 401 == 403
E    +  where 401 = &lt;tests.http_client.HTTPResponse object at 0x10b1fbcf0&gt;.status_code</failure></testcase><testcase classname="tests.integration.test_api.test_user_api.TestUserAPI" name="test_delete_user_as_regular_user" time="1.917"><failure message="assert 401 == 403&#10; +  where 401 = &lt;tests.http_client.HTTPResponse object at 0x10b1f92c0&gt;.status_code">tests/integration/test_api/test_user_api.py:220: in test_delete_user_as_regular_user
    assert response.status_code == 403
E   assert 401 == 403
E    +  where 401 = &lt;tests.http_client.HTTPResponse object at 0x10b1f92c0&gt;.status_code</failure></testcase><testcase classname="tests.integration.test_api.test_user_api.TestUserAPI" name="test_change_password_wrong_old_password" time="1.941" /><testcase classname="tests.integration.test_api.test_user_api.TestUserAPI" name="test_change_password_weak_new_password" time="1.920"><failure message="assert 401 == 400&#10; +  where 401 = &lt;tests.http_client.HTTPResponse object at 0x10b1faf30&gt;.status_code">tests/integration/test_api/test_user_api.py:256: in test_change_password_weak_new_password
    assert response.status_code == 400
E   assert 401 == 400
E    +  where 401 = &lt;tests.http_client.HTTPResponse object at 0x10b1faf30&gt;.status_code</failure></testcase><testcase classname="tests.integration.test_api.test_user_api.TestUserAPI" name="test_get_users_with_filters" time="1.931"><failure message="assert 401 == 200&#10; +  where 401 = &lt;tests.http_client.HTTPResponse object at 0x10b1fa120&gt;.status_code">tests/integration/test_api/test_user_api.py:267: in test_get_users_with_filters
    assert response.status_code == 200
E   assert 401 == 200
E    +  where 401 = &lt;tests.http_client.HTTPResponse object at 0x10b1fa120&gt;.status_code</failure></testcase><testcase classname="tests.integration.test_api.test_user_api.TestUserAPI" name="test_update_user_invalid_email" time="1.933"><failure message="assert 401 == 400&#10; +  where 401 = &lt;tests.http_client.HTTPResponse object at 0x10b2579d0&gt;.status_code">tests/integration/test_api/test_user_api.py:286: in test_update_user_invalid_email
    assert response.status_code == 400
E   assert 401 == 400
E    +  where 401 = &lt;tests.http_client.HTTPResponse object at 0x10b2579d0&gt;.status_code</failure></testcase><testcase classname="tests.integration.test_api.test_user_api.TestUserAPI" name="test_update_user_duplicate_email" time="1.934"><failure message="assert 401 in [400, 409]&#10; +  where 401 = &lt;tests.http_client.HTTPResponse object at 0x10b254d70&gt;.status_code">tests/integration/test_api/test_user_api.py:303: in test_update_user_duplicate_email
    assert response.status_code in [400, 409]
E   assert 401 in [400, 409]
E    +  where 401 = &lt;tests.http_client.HTTPResponse object at 0x10b254d70&gt;.status_code</failure></testcase><testcase classname="tests.integration.test_api.test_user_api.TestUserAPIEdgeCases" name="test_get_nonexistent_user" time="1.925"><failure message="assert 401 == 404&#10; +  where 401 = &lt;tests.http_client.HTTPResponse object at 0x10b256440&gt;.status_code">tests/integration/test_api/test_user_api.py:318: in test_get_nonexistent_user
    assert response.status_code == 404
E   assert 401 == 404
E    +  where 401 = &lt;tests.http_client.HTTPResponse object at 0x10b256440&gt;.status_code</failure></testcase><testcase classname="tests.integration.test_api.test_user_api.TestUserAPIEdgeCases" name="test_update_nonexistent_user" time="1.939"><failure message="assert 401 == 404&#10; +  where 401 = &lt;tests.http_client.HTTPResponse object at 0x10b2577a0&gt;.status_code">tests/integration/test_api/test_user_api.py:336: in test_update_nonexistent_user
    assert response.status_code == 404
E   assert 401 == 404
E    +  where 401 = &lt;tests.http_client.HTTPResponse object at 0x10b2577a0&gt;.status_code</failure></testcase><testcase classname="tests.integration.test_api.test_user_api.TestUserAPIEdgeCases" name="test_delete_nonexistent_user" time="1.917"><failure message="assert 401 == 404&#10; +  where 401 = &lt;tests.http_client.HTTPResponse object at 0x10b2cbd40&gt;.status_code">tests/integration/test_api/test_user_api.py:347: in test_delete_nonexistent_user
    assert response.status_code == 404
E   assert 401 == 404
E    +  where 401 = &lt;tests.http_client.HTTPResponse object at 0x10b2cbd40&gt;.status_code</failure></testcase><testcase classname="tests.integration.test_api.test_user_api.TestUserAPIEdgeCases" name="test_verify_nonexistent_user" time="1.928"><failure message="assert 401 == 404&#10; +  where 401 = &lt;tests.http_client.HTTPResponse object at 0x10b2c90e0&gt;.status_code">tests/integration/test_api/test_user_api.py:358: in test_verify_nonexistent_user
    assert response.status_code == 404
E   assert 401 == 404
E    +  where 401 = &lt;tests.http_client.HTTPResponse object at 0x10b2c90e0&gt;.status_code</failure></testcase><testcase classname="tests.integration.test_api.test_user_api.TestUserAPIEdgeCases" name="test_pagination_boundary_values" time="1.919"><failure message="assert 401 in [200, 400]&#10; +  where 401 = &lt;tests.http_client.HTTPResponse object at 0x10b2c9ef0&gt;.status_code">tests/integration/test_api/test_user_api.py:367: in test_pagination_boundary_values
    assert response.status_code in [200, 400]
E   assert 401 in [200, 400]
E    +  where 401 = &lt;tests.http_client.HTTPResponse object at 0x10b2c9ef0&gt;.status_code</failure></testcase><testcase classname="tests.integration.test_api.test_user_api.TestUserAPIEdgeCases" name="test_invalid_role_filter" time="1.933"><failure message="assert 401 == 400&#10; +  where 401 = &lt;tests.http_client.HTTPResponse object at 0x10b2cb2a0&gt;.status_code">tests/integration/test_api/test_user_api.py:392: in test_invalid_role_filter
    assert response.status_code == 400
E   assert 401 == 400
E    +  where 401 = &lt;tests.http_client.HTTPResponse object at 0x10b2cb2a0&gt;.status_code</failure></testcase><testcase classname="tests.integration.test_api.test_user_api.TestUserAPIEdgeCases" name="test_invalid_status_filter" time="1.910"><failure message="assert 401 == 400&#10; +  where 401 = &lt;tests.http_client.HTTPResponse object at 0x10b2fb390&gt;.status_code">tests/integration/test_api/test_user_api.py:406: in test_invalid_status_filter
    assert response.status_code == 400
E   assert 401 == 400
E    +  where 401 = &lt;tests.http_client.HTTPResponse object at 0x10b2fb390&gt;.status_code</failure></testcase><testcase classname="tests.integration.test_api.test_user_api.TestUserAPIEdgeCases" name="test_update_user_status_invalid_value" time="1.926"><failure message="assert 401 == 400&#10; +  where 401 = &lt;tests.http_client.HTTPResponse object at 0x10b2fab20&gt;.status_code">tests/integration/test_api/test_user_api.py:427: in test_update_user_status_invalid_value
    assert response.status_code == 400
E   assert 401 == 400
E    +  where 401 = &lt;tests.http_client.HTTPResponse object at 0x10b2fab20&gt;.status_code</failure></testcase><testcase classname="tests.integration.test_api.test_user_api.TestUserAPIEdgeCases" name="test_update_user_status_missing_value" time="1.912"><failure message="assert 401 == 400&#10; +  where 401 = &lt;tests.http_client.HTTPResponse object at 0x10b2f9950&gt;.status_code">tests/integration/test_api/test_user_api.py:443: in test_update_user_status_missing_value
    assert response.status_code == 400
E   assert 401 == 400
E    +  where 401 = &lt;tests.http_client.HTTPResponse object at 0x10b2f9950&gt;.status_code</failure></testcase><testcase classname="tests.integration.test_api.test_user_api.TestUserAPIEdgeCases" name="test_user_endpoints_without_authentication" time="0.028" /><testcase classname="tests.integration.test_api.test_user_api.TestUserAPIEdgeCases" name="test_special_characters_in_user_fields" time="1.906"><failure message="assert 401 in [200, 400]&#10; +  where 401 = &lt;tests.http_client.HTTPResponse object at 0x10b2fafd0&gt;.status_code">tests/integration/test_api/test_user_api.py:493: in test_special_characters_in_user_fields
    assert response.status_code in [200, 400]
E   assert 401 in [200, 400]
E    +  where 401 = &lt;tests.http_client.HTTPResponse object at 0x10b2fafd0&gt;.status_code</failure></testcase></testsuite></testsuites>