<?xml version="1.0" encoding="utf-8"?><testsuites><testsuite name="pytest" errors="0" failures="8" skipped="0" tests="83" time="15.500" timestamp="2025-11-23T23:42:58.824844+08:00" hostname="John-MacBook-Air.local"><testcase classname="tests.integration.test_api.test_auth_api.TestAuthAPI" name="test_register_success" time="0.407" /><testcase classname="tests.integration.test_api.test_auth_api.TestAuthAPI" name="test_register_duplicate_username" time="0.066" /><testcase classname="tests.integration.test_api.test_auth_api.TestAuthAPI" name="test_login_success" time="0.215" /><testcase classname="tests.integration.test_api.test_auth_api.TestAuthAPI" name="test_login_invalid_password" time="0.160" /><testcase classname="tests.integration.test_api.test_auth_api.TestAuthAPI" name="test_get_current_user" time="0.230" /><testcase classname="tests.integration.test_api.test_auth_api.TestAuthAPI" name="test_get_current_user_without_token" time="0.005" /><testcase classname="tests.integration.test_api.test_auth_api.TestAuthAPI" name="test_logout_success" time="0.252" /><testcase classname="tests.integration.test_api.test_auth_api.TestAuthAPI" name="test_refresh_token_success" time="0.283" /><testcase classname="tests.integration.test_api.test_auth_api.TestAuthAPI" name="test_get_user_tokens" time="0.230"><failure message="assert 500 == 200&#10; +  where 500 = &lt;tests.http_client.HTTPResponse object at 0x10f265c50&gt;.status_code">E   assert 500 == 200
     +  where 500 = &lt;tests.http_client.HTTPResponse object at 0x10f265c50&gt;.status_code</failure></testcase><testcase classname="tests.integration.test_api.test_auth_api.TestAuthAPI" name="test_revoke_all_tokens" time="0.242" /><testcase classname="tests.integration.test_api.test_auth_api.TestAuthAPI" name="test_register_missing_required_fields" time="0.004" /><testcase classname="tests.integration.test_api.test_auth_api.TestAuthAPI" name="test_register_weak_password" time="0.003" /><testcase classname="tests.integration.test_api.test_auth_api.TestAuthAPI" name="test_register_invalid_email" time="0.003" /><testcase classname="tests.integration.test_api.test_auth_api.TestAuthAPI" name="test_login_with_email" time="0.214" /><testcase classname="tests.integration.test_api.test_auth_api.TestAuthAPI" name="test_login_nonexistent_user" time="0.009" /><testcase classname="tests.integration.test_api.test_auth_api.TestAuthAPI" name="test_refresh_token_invalid" time="0.007" /><testcase classname="tests.integration.test_api.test_auth_api.TestAuthAPI" name="test_refresh_token_missing" time="0.004" /><testcase classname="tests.integration.test_api.test_auth_api.TestAuthAPI" name="test_protected_endpoint_invalid_token" time="0.005" /><testcase classname="tests.integration.test_api.test_auth_api.TestAuthAPI" name="test_protected_endpoint_malformed_header" time="0.005" /><testcase classname="tests.integration.test_api.test_auth_api.TestAuthAPI" name="test_logout_without_token" time="0.005" /><testcase classname="tests.integration.test_api.test_auth_api.TestAuthAPIEdgeCases" name="test_sql_injection_in_login" time="0.010" /><testcase classname="tests.integration.test_api.test_auth_api.TestAuthAPIEdgeCases" name="test_xss_in_registration" time="0.178"><failure message="assert 401 in [201, 400]&#10; +  where 401 = &lt;tests.http_client.HTTPResponse object at 0x10f26de50&gt;.status_code">E   assert 401 in [201, 400]
     +  where 401 = &lt;tests.http_client.HTTPResponse object at 0x10f26de50&gt;.status_code</failure></testcase><testcase classname="tests.integration.test_api.test_auth_api.TestAuthAPIEdgeCases" name="test_multiple_rapid_login_attempts" time="0.551" /><testcase classname="tests.integration.test_api.test_auth_api.TestAuthAPIEdgeCases" name="test_very_long_username" time="0.006" /><testcase classname="tests.integration.test_api.test_auth_api.TestAuthAPIEdgeCases" name="test_unicode_in_credentials" time="0.319" /><testcase classname="tests.integration.test_api.test_auth_api.TestAuthAPIEdgeCases" name="test_null_byte_in_password" time="0.323" /><testcase classname="tests.integration.test_api.test_auth_api.TestAuthAPIEdgeCases" name="test_case_sensitivity_in_login" time="0.212" /><testcase classname="tests.integration.test_api.test_public_user_api.TestPublicUserAPI" name="test_list_users_default_pagination" time="0.158" /><testcase classname="tests.integration.test_api.test_public_user_api.TestPublicUserAPI" name="test_list_users_custom_pagination" time="0.224" /><testcase classname="tests.integration.test_api.test_public_user_api.TestPublicUserAPI" name="test_list_users_response_format" time="0.157" /><testcase classname="tests.integration.test_api.test_public_user_api.TestPublicUserAPI" name="test_get_single_user_success" time="0.112" /><testcase classname="tests.integration.test_api.test_public_user_api.TestPublicUserAPI" name="test_get_single_user_not_found" time="0.007" /><testcase classname="tests.integration.test_api.test_public_user_api.TestPublicUserAPI" name="test_create_user_success" time="0.164" /><testcase classname="tests.integration.test_api.test_public_user_api.TestPublicUserAPI" name="test_create_user_duplicate_email" time="0.068"><failure message="assert 500 in [400, 409]&#10; +  where 500 = &lt;tests.http_client.HTTPResponse object at 0x10f292c10&gt;.status_code">E   assert 500 in [400, 409]
     +  where 500 = &lt;tests.http_client.HTTPResponse object at 0x10f292c10&gt;.status_code</failure></testcase><testcase classname="tests.integration.test_api.test_public_user_api.TestPublicUserAPI" name="test_create_user_missing_required_fields" time="0.004" /><testcase classname="tests.integration.test_api.test_public_user_api.TestPublicUserAPI" name="test_create_user_invalid_email" time="0.005" /><testcase classname="tests.integration.test_api.test_public_user_api.TestPublicUserAPI" name="test_update_user_put_success" time="0.168" /><testcase classname="tests.integration.test_api.test_public_user_api.TestPublicUserAPI" name="test_update_user_patch_success" time="0.165" /><testcase classname="tests.integration.test_api.test_public_user_api.TestPublicUserAPI" name="test_update_user_not_found" time="0.010" /><testcase classname="tests.integration.test_api.test_public_user_api.TestPublicUserAPI" name="test_delete_user_success" time="0.084" /><testcase classname="tests.integration.test_api.test_public_user_api.TestPublicUserAPI" name="test_delete_user_not_found" time="0.007"><failure message="assert 204 == 404&#10; +  where 204 = &lt;tests.http_client.HTTPResponse object at 0x10f293340&gt;.status_code">E   assert 204 == 404
     +  where 204 = &lt;tests.http_client.HTTPResponse object at 0x10f293340&gt;.status_code</failure></testcase><testcase classname="tests.integration.test_api.test_public_user_api.TestPublicUserAPI" name="test_public_api_no_authentication_required" time="0.384" /><testcase classname="tests.integration.test_api.test_public_user_api.TestPublicUserAPI" name="test_public_api_response_structure" time="0.213" /><testcase classname="tests.integration.test_api.test_public_user_api.TestPublicUserAPI" name="test_avatar_url_field_mapping" time="0.222" /><testcase classname="tests.integration.test_api.test_public_user_api.TestPublicUserAPIEdgeCases" name="test_pagination_edge_case_page_zero" time="0.005" /><testcase classname="tests.integration.test_api.test_public_user_api.TestPublicUserAPIEdgeCases" name="test_pagination_edge_case_negative_page" time="0.005" /><testcase classname="tests.integration.test_api.test_public_user_api.TestPublicUserAPIEdgeCases" name="test_pagination_edge_case_large_per_page" time="0.004" /><testcase classname="tests.integration.test_api.test_public_user_api.TestPublicUserAPIEdgeCases" name="test_create_user_with_extra_fields" time="0.166" /><testcase classname="tests.integration.test_api.test_public_user_api.TestPublicUserAPIEdgeCases" name="test_update_user_empty_payload" time="0.172" /><testcase classname="tests.integration.test_api.test_public_user_api.TestPublicUserAPIEdgeCases" name="test_content_type_handling" time="0.170" /><testcase classname="tests.integration.test_api.test_public_user_api.TestPublicUserAPIEdgeCases" name="test_malformed_json" time="0.004" /><testcase classname="tests.integration.test_api.test_public_user_api.TestPublicUserAPIEdgeCases" name="test_special_characters_in_names" time="0.165" /><testcase classname="tests.integration.test_api.test_public_user_api.TestPublicUserAPIEdgeCases" name="test_unicode_in_names" time="0.169" /><testcase classname="tests.integration.test_api.test_public_user_api.TestPublicUserAPIEdgeCases" name="test_very_long_email" time="0.007" /><testcase classname="tests.integration.test_api.test_user_api.TestUserAPI" name="test_get_users_as_admin" time="0.332" /><testcase classname="tests.integration.test_api.test_user_api.TestUserAPI" name="test_get_users_as_regular_user" time="0.230" /><testcase classname="tests.integration.test_api.test_user_api.TestUserAPI" name="test_get_user_by_id_self" time="0.277" /><testcase classname="tests.integration.test_api.test_user_api.TestUserAPI" name="test_update_user_self" time="0.334" /><testcase classname="tests.integration.test_api.test_user_api.TestUserAPI" name="test_change_password" time="0.435" /><testcase classname="tests.integration.test_api.test_user_api.TestUserAPI" name="test_create_user_as_admin" time="0.390" /><testcase classname="tests.integration.test_api.test_user_api.TestUserAPI" name="test_delete_user_as_admin" time="0.294" /><testcase classname="tests.integration.test_api.test_user_api.TestUserAPI" name="test_verify_user_as_admin" time="0.386"><failure message="assert False is True">E   assert False is True</failure></testcase><testcase classname="tests.integration.test_api.test_user_api.TestUserAPI" name="test_update_user_status_as_admin" time="0.395" /><testcase classname="tests.integration.test_api.test_user_api.TestUserAPI" name="test_get_user_permission_denied" time="0.292" /><testcase classname="tests.integration.test_api.test_user_api.TestUserAPI" name="test_update_other_user_permission_denied" time="0.286" /><testcase classname="tests.integration.test_api.test_user_api.TestUserAPI" name="test_create_user_as_regular_user" time="0.228" /><testcase classname="tests.integration.test_api.test_user_api.TestUserAPI" name="test_delete_user_as_regular_user" time="0.227" /><testcase classname="tests.integration.test_api.test_user_api.TestUserAPI" name="test_change_password_wrong_old_password" time="0.341"><failure message="assert 500 in [400, 401]&#10; +  where 500 = &lt;tests.http_client.HTTPResponse object at 0x10f2df840&gt;.status_code">E   assert 500 in [400, 401]
     +  where 500 = &lt;tests.http_client.HTTPResponse object at 0x10f2df840&gt;.status_code</failure></testcase><testcase classname="tests.integration.test_api.test_user_api.TestUserAPI" name="test_change_password_weak_new_password" time="0.230" /><testcase classname="tests.integration.test_api.test_user_api.TestUserAPI" name="test_get_users_with_filters" time="0.275" /><testcase classname="tests.integration.test_api.test_user_api.TestUserAPI" name="test_update_user_invalid_email" time="0.229" /><testcase classname="tests.integration.test_api.test_user_api.TestUserAPI" name="test_update_user_duplicate_email" time="0.343"><failure message="assert 500 in [400, 409]&#10; +  where 500 = &lt;tests.http_client.HTTPResponse object at 0x10f331770&gt;.status_code">E   assert 500 in [400, 409]
     +  where 500 = &lt;tests.http_client.HTTPResponse object at 0x10f331770&gt;.status_code</failure></testcase><testcase classname="tests.integration.test_api.test_user_api.TestUserAPIEdgeCases" name="test_get_nonexistent_user" time="0.237" /><testcase classname="tests.integration.test_api.test_user_api.TestUserAPIEdgeCases" name="test_update_nonexistent_user" time="0.232" /><testcase classname="tests.integration.test_api.test_user_api.TestUserAPIEdgeCases" name="test_delete_nonexistent_user" time="0.229"><failure message="assert 200 == 404&#10; +  where 200 = &lt;tests.http_client.HTTPResponse object at 0x10f2dfe80&gt;.status_code">E   assert 200 == 404
     +  where 200 = &lt;tests.http_client.HTTPResponse object at 0x10f2dfe80&gt;.status_code</failure></testcase><testcase classname="tests.integration.test_api.test_user_api.TestUserAPIEdgeCases" name="test_verify_nonexistent_user" time="0.234" /><testcase classname="tests.integration.test_api.test_user_api.TestUserAPIEdgeCases" name="test_pagination_boundary_values" time="0.232" /><testcase classname="tests.integration.test_api.test_user_api.TestUserAPIEdgeCases" name="test_invalid_role_filter" time="0.232" /><testcase classname="tests.integration.test_api.test_user_api.TestUserAPIEdgeCases" name="test_invalid_status_filter" time="0.226" /><testcase classname="tests.integration.test_api.test_user_api.TestUserAPIEdgeCases" name="test_update_user_status_invalid_value" time="0.284" /><testcase classname="tests.integration.test_api.test_user_api.TestUserAPIEdgeCases" name="test_update_user_status_missing_value" time="0.281" /><testcase classname="tests.integration.test_api.test_user_api.TestUserAPIEdgeCases" name="test_user_endpoints_without_authentication" time="0.065" /><testcase classname="tests.integration.test_api.test_user_api.TestUserAPIEdgeCases" name="test_special_characters_in_user_fields" time="0.344" /></testsuite></testsuites>