<?xml version="1.0" encoding="utf-8"?><testsuites><testsuite name="pytest" errors="0" failures="36" skipped="0" tests="83" time="3154.028" timestamp="2025-11-23T08:59:14.381794+08:00" hostname="John-MacBook-Air.local"><testcase classname="tests.integration.test_api.test_auth_api.TestAuthAPI" name="test_register_success" time="0.142"><failure message="assert 500 == 201&#10; +  where 500 = &lt;WrapperTestResponse streamed [500 INTERNAL SERVER ERROR]&gt;.status_code">tests/integration/test_api/test_auth_api.py:31: in test_register_success
    assert response.status_code == 201
E   assert 500 == 201
E    +  where 500 = &lt;WrapperTestResponse streamed [500 INTERNAL SERVER ERROR]&gt;.status_code</failure></testcase><testcase classname="tests.integration.test_api.test_auth_api.TestAuthAPI" name="test_register_duplicate_username" time="0.066" /><testcase classname="tests.integration.test_api.test_auth_api.TestAuthAPI" name="test_login_success" time="1.844"><failure message="assert 500 == 200&#10; +  where 500 = &lt;WrapperTestResponse streamed [500 INTERNAL SERVER ERROR]&gt;.status_code">tests/integration/test_api/test_auth_api.py:75: in test_login_success
    assert response.status_code == 200
E   assert 500 == 200
E    +  where 500 = &lt;WrapperTestResponse streamed [500 INTERNAL SERVER ERROR]&gt;.status_code</failure></testcase><testcase classname="tests.integration.test_api.test_auth_api.TestAuthAPI" name="test_login_invalid_password" time="1.855"><failure message="assert 500 == 401&#10; +  where 500 = &lt;WrapperTestResponse streamed [500 INTERNAL SERVER ERROR]&gt;.status_code">tests/integration/test_api/test_auth_api.py:98: in test_login_invalid_password
    assert response.status_code == 401
E   assert 500 == 401
E    +  where 500 = &lt;WrapperTestResponse streamed [500 INTERNAL SERVER ERROR]&gt;.status_code</failure></testcase><testcase classname="tests.integration.test_api.test_auth_api.TestAuthAPI" name="test_get_current_user" time="0.101" /><testcase classname="tests.integration.test_api.test_auth_api.TestAuthAPI" name="test_get_current_user_without_token" time="0.003" /><testcase classname="tests.integration.test_api.test_auth_api.TestAuthAPI" name="test_logout_success" time="0.081" /><testcase classname="tests.integration.test_api.test_auth_api.TestAuthAPI" name="test_refresh_token_success" time="1.900"><failure message="assert 500 == 200&#10; +  where 500 = &lt;WrapperTestResponse streamed [500 INTERNAL SERVER ERROR]&gt;.status_code">tests/integration/test_api/test_auth_api.py:154: in test_refresh_token_success
    assert response.status_code == 200
E   assert 500 == 200
E    +  where 500 = &lt;WrapperTestResponse streamed [500 INTERNAL SERVER ERROR]&gt;.status_code</failure></testcase><testcase classname="tests.integration.test_api.test_auth_api.TestAuthAPI" name="test_get_user_tokens" time="0.101" /><testcase classname="tests.integration.test_api.test_auth_api.TestAuthAPI" name="test_revoke_all_tokens" time="0.074" /><testcase classname="tests.integration.test_api.test_auth_api.TestAuthAPI" name="test_register_missing_required_fields" time="0.003" /><testcase classname="tests.integration.test_api.test_auth_api.TestAuthAPI" name="test_register_weak_password" time="0.002" /><testcase classname="tests.integration.test_api.test_auth_api.TestAuthAPI" name="test_register_invalid_email" time="0.003" /><testcase classname="tests.integration.test_api.test_auth_api.TestAuthAPI" name="test_login_with_email" time="1.845"><failure message="assert 500 == 200&#10; +  where 500 = &lt;WrapperTestResponse streamed [500 INTERNAL SERVER ERROR]&gt;.status_code">tests/integration/test_api/test_auth_api.py:260: in test_login_with_email
    assert response.status_code == 200
E   assert 500 == 200
E    +  where 500 = &lt;WrapperTestResponse streamed [500 INTERNAL SERVER ERROR]&gt;.status_code</failure></testcase><testcase classname="tests.integration.test_api.test_auth_api.TestAuthAPI" name="test_login_nonexistent_user" time="0.014" /><testcase classname="tests.integration.test_api.test_auth_api.TestAuthAPI" name="test_refresh_token_invalid" time="0.006" /><testcase classname="tests.integration.test_api.test_auth_api.TestAuthAPI" name="test_refresh_token_missing" time="0.005" /><testcase classname="tests.integration.test_api.test_auth_api.TestAuthAPI" name="test_protected_endpoint_invalid_token" time="0.005" /><testcase classname="tests.integration.test_api.test_auth_api.TestAuthAPI" name="test_protected_endpoint_malformed_header" time="0.005" /><testcase classname="tests.integration.test_api.test_auth_api.TestAuthAPI" name="test_logout_without_token" time="0.005" /><testcase classname="tests.integration.test_api.test_auth_api.TestAuthAPIEdgeCases" name="test_sql_injection_in_login" time="0.011" /><testcase classname="tests.integration.test_api.test_auth_api.TestAuthAPIEdgeCases" name="test_xss_in_registration" time="0.073"><failure message="assert 500 in [201, 400]&#10; +  where 500 = &lt;WrapperTestResponse streamed [500 INTERNAL SERVER ERROR]&gt;.status_code">tests/integration/test_api/test_auth_api.py:396: in test_xss_in_registration
    assert response.status_code in [201, 400]
E   assert 500 in [201, 400]
E    +  where 500 = &lt;WrapperTestResponse streamed [500 INTERNAL SERVER ERROR]&gt;.status_code</failure></testcase><testcase classname="tests.integration.test_api.test_auth_api.TestAuthAPIEdgeCases" name="test_multiple_rapid_login_attempts" time="9.212"><failure message="assert 500 in [401, 429]&#10; +  where 500 = &lt;WrapperTestResponse streamed [500 INTERNAL SERVER ERROR]&gt;.status_code">tests/integration/test_api/test_auth_api.py:418: in test_multiple_rapid_login_attempts
    assert response.status_code in [401, 429]  # 429 = Too Many Requests
E   assert 500 in [401, 429]
E    +  where 500 = &lt;WrapperTestResponse streamed [500 INTERNAL SERVER ERROR]&gt;.status_code</failure></testcase><testcase classname="tests.integration.test_api.test_auth_api.TestAuthAPIEdgeCases" name="test_very_long_username" time="0.003" /><testcase classname="tests.integration.test_api.test_auth_api.TestAuthAPIEdgeCases" name="test_unicode_in_credentials" time="0.076"><failure message="assert 500 in [201, 400]&#10; +  where 500 = &lt;WrapperTestResponse streamed [500 INTERNAL SERVER ERROR]&gt;.status_code">tests/integration/test_api/test_auth_api.py:456: in test_unicode_in_credentials
    assert response.status_code in [201, 400]
E   assert 500 in [201, 400]
E    +  where 500 = &lt;WrapperTestResponse streamed [500 INTERNAL SERVER ERROR]&gt;.status_code</failure></testcase><testcase classname="tests.integration.test_api.test_auth_api.TestAuthAPIEdgeCases" name="test_null_byte_in_password" time="0.057"><failure message="assert 500 in [201, 400]&#10; +  where 500 = &lt;WrapperTestResponse streamed [500 INTERNAL SERVER ERROR]&gt;.status_code">tests/integration/test_api/test_auth_api.py:475: in test_null_byte_in_password
    assert response.status_code in [201, 400]
E   assert 500 in [201, 400]
E    +  where 500 = &lt;WrapperTestResponse streamed [500 INTERNAL SERVER ERROR]&gt;.status_code</failure></testcase><testcase classname="tests.integration.test_api.test_auth_api.TestAuthAPIEdgeCases" name="test_case_sensitivity_in_login" time="1.841"><failure message="assert 500 in [200, 401]&#10; +  where 500 = &lt;WrapperTestResponse streamed [500 INTERNAL SERVER ERROR]&gt;.status_code">tests/integration/test_api/test_auth_api.py:492: in test_case_sensitivity_in_login
    assert response.status_code in [200, 401]
E   assert 500 in [200, 401]
E    +  where 500 = &lt;WrapperTestResponse streamed [500 INTERNAL SERVER ERROR]&gt;.status_code</failure></testcase><testcase classname="tests.integration.test_api.test_public_user_api.TestPublicUserAPI" name="test_list_users_default_pagination" time="9.282"><failure message="assert 500 == 200&#10; +  where 500 = &lt;WrapperTestResponse streamed [500 INTERNAL SERVER ERROR]&gt;.status_code">tests/integration/test_api/test_public_user_api.py:18: in test_list_users_default_pagination
    assert response.status_code == 200
E   assert 500 == 200
E    +  where 500 = &lt;WrapperTestResponse streamed [500 INTERNAL SERVER ERROR]&gt;.status_code</failure></testcase><testcase classname="tests.integration.test_api.test_public_user_api.TestPublicUserAPI" name="test_list_users_custom_pagination" time="9.258"><failure message="assert 500 == 200&#10; +  where 500 = &lt;WrapperTestResponse streamed [500 INTERNAL SERVER ERROR]&gt;.status_code">tests/integration/test_api/test_public_user_api.py:34: in test_list_users_custom_pagination
    assert response.status_code == 200
E   assert 500 == 200
E    +  where 500 = &lt;WrapperTestResponse streamed [500 INTERNAL SERVER ERROR]&gt;.status_code</failure></testcase><testcase classname="tests.integration.test_api.test_public_user_api.TestPublicUserAPI" name="test_list_users_response_format" time="9.215"><failure message="assert 500 == 200&#10; +  where 500 = &lt;WrapperTestResponse streamed [500 INTERNAL SERVER ERROR]&gt;.status_code">tests/integration/test_api/test_public_user_api.py:46: in test_list_users_response_format
    assert response.status_code == 200
E   assert 500 == 200
E    +  where 500 = &lt;WrapperTestResponse streamed [500 INTERNAL SERVER ERROR]&gt;.status_code</failure></testcase><testcase classname="tests.integration.test_api.test_public_user_api.TestPublicUserAPI" name="test_get_single_user_success" time="9.191"><failure message="assert 500 == 200&#10; +  where 500 = &lt;WrapperTestResponse streamed [500 INTERNAL SERVER ERROR]&gt;.status_code">tests/integration/test_api/test_public_user_api.py:68: in test_get_single_user_success
    assert response.status_code == 200
E   assert 500 == 200
E    +  where 500 = &lt;WrapperTestResponse streamed [500 INTERNAL SERVER ERROR]&gt;.status_code</failure></testcase><testcase classname="tests.integration.test_api.test_public_user_api.TestPublicUserAPI" name="test_get_single_user_not_found" time="0.017" /><testcase classname="tests.integration.test_api.test_public_user_api.TestPublicUserAPI" name="test_create_user_success" time="0.086"><failure message="assert 500 == 201&#10; +  where 500 = &lt;WrapperTestResponse streamed [500 INTERNAL SERVER ERROR]&gt;.status_code">tests/integration/test_api/test_public_user_api.py:103: in test_create_user_success
    assert response.status_code == 201
E   assert 500 == 201
E    +  where 500 = &lt;WrapperTestResponse streamed [500 INTERNAL SERVER ERROR]&gt;.status_code</failure></testcase><testcase classname="tests.integration.test_api.test_public_user_api.TestPublicUserAPI" name="test_create_user_duplicate_email" time="0.017"><failure message="assert 500 in [400, 409]&#10; +  where 500 = &lt;WrapperTestResponse streamed [500 INTERNAL SERVER ERROR]&gt;.status_code">tests/integration/test_api/test_public_user_api.py:128: in test_create_user_duplicate_email
    assert response.status_code in [400, 409]  # Bad request or conflict
E   assert 500 in [400, 409]
E    +  where 500 = &lt;WrapperTestResponse streamed [500 INTERNAL SERVER ERROR]&gt;.status_code</failure></testcase><testcase classname="tests.integration.test_api.test_public_user_api.TestPublicUserAPI" name="test_create_user_missing_required_fields" time="0.003" /><testcase classname="tests.integration.test_api.test_public_user_api.TestPublicUserAPI" name="test_create_user_invalid_email" time="0.003" /><testcase classname="tests.integration.test_api.test_public_user_api.TestPublicUserAPI" name="test_update_user_put_success" time="9.186"><failure message="assert 500 == 200&#10; +  where 500 = &lt;WrapperTestResponse streamed [500 INTERNAL SERVER ERROR]&gt;.status_code">tests/integration/test_api/test_public_user_api.py:185: in test_update_user_put_success
    assert response.status_code == 200
E   assert 500 == 200
E    +  where 500 = &lt;WrapperTestResponse streamed [500 INTERNAL SERVER ERROR]&gt;.status_code</failure></testcase><testcase classname="tests.integration.test_api.test_public_user_api.TestPublicUserAPI" name="test_update_user_patch_success" time="9.185"><failure message="assert 500 == 200&#10; +  where 500 = &lt;WrapperTestResponse streamed [500 INTERNAL SERVER ERROR]&gt;.status_code">tests/integration/test_api/test_public_user_api.py:207: in test_update_user_patch_success
    assert response.status_code == 200
E   assert 500 == 200
E    +  where 500 = &lt;WrapperTestResponse streamed [500 INTERNAL SERVER ERROR]&gt;.status_code</failure></testcase><testcase classname="tests.integration.test_api.test_public_user_api.TestPublicUserAPI" name="test_update_user_not_found" time="0.018" /><testcase classname="tests.integration.test_api.test_public_user_api.TestPublicUserAPI" name="test_delete_user_success" time="0.044" /><testcase classname="tests.integration.test_api.test_public_user_api.TestPublicUserAPI" name="test_delete_user_not_found" time="0.011"><failure message="assert 204 == 404&#10; +  where 204 = &lt;WrapperTestResponse streamed [204 NO CONTENT]&gt;.status_code">tests/integration/test_api/test_public_user_api.py:248: in test_delete_user_not_found
    assert response.status_code == 404
E   assert 204 == 404
E    +  where 204 = &lt;WrapperTestResponse streamed [204 NO CONTENT]&gt;.status_code</failure></testcase><testcase classname="tests.integration.test_api.test_public_user_api.TestPublicUserAPI" name="test_public_api_no_authentication_required" time="9.258"><failure message="assert 500 == 200&#10; +  where 500 = &lt;WrapperTestResponse streamed [500 INTERNAL SERVER ERROR]&gt;.status_code">tests/integration/test_api/test_public_user_api.py:254: in test_public_api_no_authentication_required
    assert response.status_code == 200
E   assert 500 == 200
E    +  where 500 = &lt;WrapperTestResponse streamed [500 INTERNAL SERVER ERROR]&gt;.status_code</failure></testcase><testcase classname="tests.integration.test_api.test_public_user_api.TestPublicUserAPI" name="test_public_api_response_structure" time="9.225"><failure message="assert 'data' in {'error': &quot;HTTPConnectionPool(host='localhost', port=5001): Max retries exceeded with url: /internal/users?page=1&amp;per_page=20 (Caused by ResponseError('too many 500 error responses'))&quot;}">tests/integration/test_api/test_public_user_api.py:278: in test_public_api_response_structure
    assert 'data' in list_data
E   assert 'data' in {'error': "HTTPConnectionPool(host='localhost', port=5001): Max retries exceeded with url: /internal/users?page=1&amp;per_page=20 (Caused by ResponseError('too many 500 error responses'))"}</failure></testcase><testcase classname="tests.integration.test_api.test_public_user_api.TestPublicUserAPI" name="test_avatar_url_field_mapping" time="0.093"><failure message="assert 500 == 201&#10; +  where 500 = &lt;WrapperTestResponse streamed [500 INTERNAL SERVER ERROR]&gt;.status_code">tests/integration/test_api/test_public_user_api.py:304: in test_avatar_url_field_mapping
    assert response.status_code == 201
E   assert 500 == 201
E    +  where 500 = &lt;WrapperTestResponse streamed [500 INTERNAL SERVER ERROR]&gt;.status_code</failure></testcase><testcase classname="tests.integration.test_api.test_public_user_api.TestPublicUserAPIEdgeCases" name="test_pagination_edge_case_page_zero" time="0.004" /><testcase classname="tests.integration.test_api.test_public_user_api.TestPublicUserAPIEdgeCases" name="test_pagination_edge_case_negative_page" time="0.003" /><testcase classname="tests.integration.test_api.test_public_user_api.TestPublicUserAPIEdgeCases" name="test_pagination_edge_case_large_per_page" time="0.003" /><testcase classname="tests.integration.test_api.test_public_user_api.TestPublicUserAPIEdgeCases" name="test_create_user_with_extra_fields" time="0.061"><failure message="assert 500 in [201, 400]&#10; +  where 500 = &lt;WrapperTestResponse streamed [500 INTERNAL SERVER ERROR]&gt;.status_code">tests/integration/test_api/test_public_user_api.py:347: in test_create_user_with_extra_fields
    assert response.status_code in [201, 400]
E   assert 500 in [201, 400]
E    +  where 500 = &lt;WrapperTestResponse streamed [500 INTERNAL SERVER ERROR]&gt;.status_code</failure></testcase><testcase classname="tests.integration.test_api.test_public_user_api.TestPublicUserAPIEdgeCases" name="test_update_user_empty_payload" time="9.182"><failure message="assert 500 in [200, 400, 404]&#10; +  where 500 = &lt;WrapperTestResponse streamed [500 INTERNAL SERVER ERROR]&gt;.status_code">tests/integration/test_api/test_public_user_api.py:358: in test_update_user_empty_payload
    assert response.status_code in [200, 400, 404]
E   assert 500 in [200, 400, 404]
E    +  where 500 = &lt;WrapperTestResponse streamed [500 INTERNAL SERVER ERROR]&gt;.status_code</failure></testcase><testcase classname="tests.integration.test_api.test_public_user_api.TestPublicUserAPIEdgeCases" name="test_content_type_handling" time="0.004" /><testcase classname="tests.integration.test_api.test_public_user_api.TestPublicUserAPIEdgeCases" name="test_malformed_json" time="0.003" /><testcase classname="tests.integration.test_api.test_public_user_api.TestPublicUserAPIEdgeCases" name="test_special_characters_in_names" time="0.074" /><testcase classname="tests.integration.test_api.test_public_user_api.TestPublicUserAPIEdgeCases" name="test_unicode_in_names" time="0.059" /><testcase classname="tests.integration.test_api.test_public_user_api.TestPublicUserAPIEdgeCases" name="test_very_long_email" time="0.006" /><testcase classname="tests.integration.test_api.test_user_api.TestUserAPI" name="test_get_users_as_admin" time="9.262"><failure message="assert 500 == 200&#10; +  where 500 = &lt;WrapperTestResponse streamed [500 INTERNAL SERVER ERROR]&gt;.status_code">tests/integration/test_api/test_user_api.py:21: in test_get_users_as_admin
    assert response.status_code == 200
E   assert 500 == 200
E    +  where 500 = &lt;WrapperTestResponse streamed [500 INTERNAL SERVER ERROR]&gt;.status_code</failure></testcase><testcase classname="tests.integration.test_api.test_user_api.TestUserAPI" name="test_get_users_as_regular_user" time="0.092" /><testcase classname="tests.integration.test_api.test_user_api.TestUserAPI" name="test_get_user_by_id_self" time="9.247"><failure message="assert 500 == 200&#10; +  where 500 = &lt;WrapperTestResponse streamed [500 INTERNAL SERVER ERROR]&gt;.status_code">tests/integration/test_api/test_user_api.py:47: in test_get_user_by_id_self
    assert response.status_code == 200
E   assert 500 == 200
E    +  where 500 = &lt;WrapperTestResponse streamed [500 INTERNAL SERVER ERROR]&gt;.status_code</failure></testcase><testcase classname="tests.integration.test_api.test_user_api.TestUserAPI" name="test_update_user_self" time="9.289"><failure message="assert 500 == 200&#10; +  where 500 = &lt;WrapperTestResponse streamed [500 INTERNAL SERVER ERROR]&gt;.status_code">tests/integration/test_api/test_user_api.py:68: in test_update_user_self
    assert response.status_code == 200
E   assert 500 == 200
E    +  where 500 = &lt;WrapperTestResponse streamed [500 INTERNAL SERVER ERROR]&gt;.status_code</failure></testcase><testcase classname="tests.integration.test_api.test_user_api.TestUserAPI" name="test_change_password" time="9.287"><failure message="assert 500 == 200&#10; +  where 500 = &lt;WrapperTestResponse streamed [500 INTERNAL SERVER ERROR]&gt;.status_code">tests/integration/test_api/test_user_api.py:89: in test_change_password
    assert response.status_code == 200
E   assert 500 == 200
E    +  where 500 = &lt;WrapperTestResponse streamed [500 INTERNAL SERVER ERROR]&gt;.status_code</failure></testcase><testcase classname="tests.integration.test_api.test_user_api.TestUserAPI" name="test_create_user_as_admin" time="0.165"><failure message="assert 500 == 201&#10; +  where 500 = &lt;WrapperTestResponse streamed [500 INTERNAL SERVER ERROR]&gt;.status_code">tests/integration/test_api/test_user_api.py:112: in test_create_user_as_admin
    assert response.status_code == 201
E   assert 500 == 201
E    +  where 500 = &lt;WrapperTestResponse streamed [500 INTERNAL SERVER ERROR]&gt;.status_code</failure></testcase><testcase classname="tests.integration.test_api.test_user_api.TestUserAPI" name="test_delete_user_as_admin" time="0.086" /><testcase classname="tests.integration.test_api.test_user_api.TestUserAPI" name="test_verify_user_as_admin" time="1.968"><failure message="assert 500 == 200&#10; +  where 500 = &lt;WrapperTestResponse streamed [500 INTERNAL SERVER ERROR]&gt;.status_code">tests/integration/test_api/test_user_api.py:139: in test_verify_user_as_admin
    assert response.status_code == 200
E   assert 500 == 200
E    +  where 500 = &lt;WrapperTestResponse streamed [500 INTERNAL SERVER ERROR]&gt;.status_code</failure></testcase><testcase classname="tests.integration.test_api.test_user_api.TestUserAPI" name="test_update_user_status_as_admin" time="9.290"><failure message="assert 500 == 200&#10; +  where 500 = &lt;WrapperTestResponse streamed [500 INTERNAL SERVER ERROR]&gt;.status_code">tests/integration/test_api/test_user_api.py:160: in test_update_user_status_as_admin
    assert response.status_code == 200
E   assert 500 == 200
E    +  where 500 = &lt;WrapperTestResponse streamed [500 INTERNAL SERVER ERROR]&gt;.status_code</failure></testcase><testcase classname="tests.integration.test_api.test_user_api.TestUserAPI" name="test_get_user_permission_denied" time="0.099" /><testcase classname="tests.integration.test_api.test_user_api.TestUserAPI" name="test_update_other_user_permission_denied" time="0.075" /><testcase classname="tests.integration.test_api.test_user_api.TestUserAPI" name="test_create_user_as_regular_user" time="0.069" /><testcase classname="tests.integration.test_api.test_user_api.TestUserAPI" name="test_delete_user_as_regular_user" time="0.067" /><testcase classname="tests.integration.test_api.test_user_api.TestUserAPI" name="test_change_password_wrong_old_password" time="9.225"><failure message="assert 500 in [400, 401]&#10; +  where 500 = &lt;WrapperTestResponse streamed [500 INTERNAL SERVER ERROR]&gt;.status_code">tests/integration/test_api/test_user_api.py:238: in test_change_password_wrong_old_password
    assert response.status_code in [400, 401]
E   assert 500 in [400, 401]
E    +  where 500 = &lt;WrapperTestResponse streamed [500 INTERNAL SERVER ERROR]&gt;.status_code</failure></testcase><testcase classname="tests.integration.test_api.test_user_api.TestUserAPI" name="test_change_password_weak_new_password" time="0.094" /><testcase classname="tests.integration.test_api.test_user_api.TestUserAPI" name="test_get_users_with_filters" time="9.244"><failure message="assert 500 == 200&#10; +  where 500 = &lt;WrapperTestResponse streamed [500 INTERNAL SERVER ERROR]&gt;.status_code">tests/integration/test_api/test_user_api.py:267: in test_get_users_with_filters
    assert response.status_code == 200
E   assert 500 == 200
E    +  where 500 = &lt;WrapperTestResponse streamed [500 INTERNAL SERVER ERROR]&gt;.status_code</failure></testcase><testcase classname="tests.integration.test_api.test_user_api.TestUserAPI" name="test_update_user_invalid_email" time="0.080" /><testcase classname="tests.integration.test_api.test_user_api.TestUserAPI" name="test_update_user_duplicate_email" time="9.247"><failure message="assert 500 in [400, 409]&#10; +  where 500 = &lt;WrapperTestResponse streamed [500 INTERNAL SERVER ERROR]&gt;.status_code">tests/integration/test_api/test_user_api.py:303: in test_update_user_duplicate_email
    assert response.status_code in [400, 409]
E   assert 500 in [400, 409]
E    +  where 500 = &lt;WrapperTestResponse streamed [500 INTERNAL SERVER ERROR]&gt;.status_code</failure></testcase><testcase classname="tests.integration.test_api.test_user_api.TestUserAPIEdgeCases" name="test_get_nonexistent_user" time="0.097" /><testcase classname="tests.integration.test_api.test_user_api.TestUserAPIEdgeCases" name="test_update_nonexistent_user" time="0.073" /><testcase classname="tests.integration.test_api.test_user_api.TestUserAPIEdgeCases" name="test_delete_nonexistent_user" time="0.074"><failure message="assert 200 == 404&#10; +  where 200 = &lt;WrapperTestResponse streamed [200 OK]&gt;.status_code">tests/integration/test_api/test_user_api.py:347: in test_delete_nonexistent_user
    assert response.status_code == 404
E   assert 200 == 404
E    +  where 200 = &lt;WrapperTestResponse streamed [200 OK]&gt;.status_code</failure></testcase><testcase classname="tests.integration.test_api.test_user_api.TestUserAPIEdgeCases" name="test_verify_nonexistent_user" time="0.074" /><testcase classname="tests.integration.test_api.test_user_api.TestUserAPIEdgeCases" name="test_pagination_boundary_values" time="0.080" /><testcase classname="tests.integration.test_api.test_user_api.TestUserAPIEdgeCases" name="test_invalid_role_filter" time="0.066" /><testcase classname="tests.integration.test_api.test_user_api.TestUserAPIEdgeCases" name="test_invalid_status_filter" time="0.066" /><testcase classname="tests.integration.test_api.test_user_api.TestUserAPIEdgeCases" name="test_update_user_status_invalid_value" time="0.072" /><testcase classname="tests.integration.test_api.test_user_api.TestUserAPIEdgeCases" name="test_update_user_status_missing_value" time="0.070" /><testcase classname="tests.integration.test_api.test_user_api.TestUserAPIEdgeCases" name="test_user_endpoints_without_authentication" time="0.005" /><testcase classname="tests.integration.test_api.test_user_api.TestUserAPIEdgeCases" name="test_special_characters_in_user_fields" time="9.272"><failure message="assert 500 in [200, 400]&#10; +  where 500 = &lt;WrapperTestResponse streamed [500 INTERNAL SERVER ERROR]&gt;.status_code">tests/integration/test_api/test_user_api.py:493: in test_special_characters_in_user_fields
    assert response.status_code in [200, 400]
E   assert 500 in [200, 400]
E    +  where 500 = &lt;WrapperTestResponse streamed [500 INTERNAL SERVER ERROR]&gt;.status_code</failure></testcase></testsuite></testsuites>